#-----------------------------------------------------------
# Vivado v2014.4 (64-bit)
# SW Build 1071353 on Tue Nov 18 18:24:04 MST 2014
# IP Build 1070531 on Tue Nov 18 01:10:18 MST 2014
# Start of session at: Fri Dec 22 18:03:54 2023
# Process ID: 4352
# Log file: C:/Users/bme31/Desktop/major_assignment/project_1/vivado.log
# Journal file: C:/Users/bme31/Desktop/major_assignment/project_1\vivado.jou
#-----------------------------------------------------------
start_gui
open_project C:/Users/bme31/Desktop/major_assignment/project_1/project_1.xpr
Scanning sources...
Finished scanning sources
INFO: [IP_Flow 19-234] Refreshing IP repositories
INFO: [IP_Flow 19-1704] No user IP repositories specified
INFO: [IP_Flow 19-2313] Loaded Vivado IP repository 'C:/Xilinx/Vivado/2014.4/data/ip'.
update_compile_order -fileset sources_1
reset_run synth_1
launch_runs impl_1 -to_step write_bitstream
[Fri Dec 22 18:05:21 2023] Launched synth_1...
Run output will be captured here: C:/Users/bme31/Desktop/major_assignment/project_1/project_1.runs/synth_1/runme.log
[Fri Dec 22 18:05:21 2023] Launched impl_1...
Run output will be captured here: C:/Users/bme31/Desktop/major_assignment/project_1/project_1.runs/impl_1/runme.log
reset_run synth_1
launch_runs impl_1 -to_step write_bitstream
[Fri Dec 22 18:12:51 2023] Launched synth_1...
Run output will be captured here: C:/Users/bme31/Desktop/major_assignment/project_1/project_1.runs/synth_1/runme.log
[Fri Dec 22 18:12:51 2023] Launched impl_1...
Run output will be captured here: C:/Users/bme31/Desktop/major_assignment/project_1/project_1.runs/impl_1/runme.log
reset_run synth_1
launch_runs impl_1 -to_step write_bitstream
[Fri Dec 22 18:18:46 2023] Launched synth_1...
Run output will be captured here: C:/Users/bme31/Desktop/major_assignment/project_1/project_1.runs/synth_1/runme.log
[Fri Dec 22 18:18:46 2023] Launched impl_1...
Run output will be captured here: C:/Users/bme31/Desktop/major_assignment/project_1/project_1.runs/impl_1/runme.log
open_run impl_1
INFO: [Netlist 29-17] Analyzing 11 Unisim elements for replacement
INFO: [Netlist 29-28] Unisim Transformation completed in 0 CPU seconds
INFO: [Project 1-479] Netlist was created with Vivado 2014.4
Loading clock regions from C:/Xilinx/Vivado/2014.4/data\parts/xilinx/zynq/zynq/xc7z020/ClockRegion.xml
Loading clock buffers from C:/Xilinx/Vivado/2014.4/data\parts/xilinx/zynq/zynq/xc7z020/ClockBuffers.xml
Loading clock placement rules from C:/Xilinx/Vivado/2014.4/data/parts/xilinx/zynq/ClockPlacerRules.xml
Loading package pin functions from C:/Xilinx/Vivado/2014.4/data\parts/xilinx/zynq/PinFunctions.xml...
Loading package from C:/Xilinx/Vivado/2014.4/data\parts/xilinx/zynq/zynq/xc7z020/clg484/Package.xml
Loading io standards from C:/Xilinx/Vivado/2014.4/data\./parts/xilinx/zynq/IOStandards.xml
INFO: [Project 1-570] Preparing netlist for logic optimization
Parsing XDC File [C:/Users/bme31/Desktop/major_assignment/project_1/.Xil/Vivado-4352-BME/dcp/top.xdc]
Finished Parsing XDC File [C:/Users/bme31/Desktop/major_assignment/project_1/.Xil/Vivado-4352-BME/dcp/top.xdc]
Reading XDEF placement.
Reading placer database...
Reading XDEF routing.
Read XDEF File: Time (s): cpu = 00:00:00 ; elapsed = 00:00:00.050 . Memory (MB): peak = 1041.770 ; gain = 0.641
Restored from archive | CPU: 0.000000 secs | Memory: 0.000000 MB |
Finished XDEF File Restore: Time (s): cpu = 00:00:00 ; elapsed = 00:00:00.050 . Memory (MB): peak = 1041.770 ; gain = 0.641
INFO: [Opt 31-138] Pushed 0 inverter(s) to 0 load pin(s).
INFO: [Project 1-111] Unisim Transformation Summary:
No Unisim elements were transformed.

open_run: Time (s): cpu = 00:00:04 ; elapsed = 00:00:06 . Memory (MB): peak = 1227.172 ; gain = 413.996
open_hw
connect_hw_server
INFO: [Labtools 27-2285] Connecting to hw_server url TCP:localhost:3121
INFO: [Labtools 27-2222] Launching hw_server...
INFO: [Labtools 27-2221] Launch Output:

****** Xilinx hw_server v2014.4
  **** Build date : Nov 18 2014-18:09:44
    ** Copyright 1986-1999, 2001-2014 Xilinx, Inc. All Rights Reserved.

INFO: hw_server application started
INFO: Use Ctrl-C to exit hw_server application


****** Xilinx hw_server v2014.4
  **** Build date : Nov 18 2014-18:09:44
    ** Copyright 1986-1999, 2001-2014 Xilinx, Inc. All Rights Reserved.

INFO: hw_server application started
INFO: Use Ctrl-C to exit hw_server application


open_hw_target [lindex [get_hw_targets -of_objects [get_hw_servers localhost]] 0]
INFO: [Labtoolstcl 44-466] Opening hw_target localhost:3121/xilinx_tcf/Digilent/210014A5B2B4A
set_property PROGRAM.FILE {C:/Users/bme31/Desktop/major_assignment/project_1/project_1.runs/impl_1/top.bit} [lindex [get_hw_devices] 1]
set_property PROBES.FILE {C:/Users/bme31/Desktop/major_assignment/project_1/project_1.runs/impl_1/debug_nets.ltx} [lindex [get_hw_devices] 1]
current_hw_device [lindex [get_hw_devices] 1]
refresh_hw_device -update_hw_probes false [lindex [get_hw_devices] 1]
INFO: [Labtools 27-1434] Device xc7z020 (JTAG device index = 1) is programmed with a design that has no supported debug core(s) in it.
WARNING: [Labtools 27-3123] The debug hub core was not detected at User Scan Chain 1 or 3.
Resolution: 
1. Make sure the clock connected to the debug hub (dbg_hub) core is a free running clock and is active OR
2. Manually launch hw_server with -e "set xsdb-user-bscan <C_USER_SCAN_CHAIN scan_chain_number>" to detect the debug hub at User Scan Chain of 2 or 4. To determine the user scan chain setting, open the implemented design and use: get_property C_USER_SCAN_CHAIN [get_debug_cores dbg_hub].
set_property PROBES.FILE {C:/Users/bme31/Desktop/major_assignment/project_1/project_1.runs/impl_1/debug_nets.ltx} [lindex [get_hw_devices] 1]
set_property PROGRAM.FILE {C:/Users/bme31/Desktop/major_assignment/project_1/project_1.runs/impl_1/top.bit} [lindex [get_hw_devices] 1]
program_hw_devices [lindex [get_hw_devices] 1]
INFO: [Labtools 27-32] Done pin status: HIGH
refresh_hw_device [lindex [get_hw_devices] 1]
INFO: [Labtools 27-1434] Device xc7z020 (JTAG device index = 1) is programmed with a design that has no supported debug core(s) in it.
WARNING: [Labtools 27-3123] The debug hub core was not detected at User Scan Chain 1 or 3.
Resolution: 
1. Make sure the clock connected to the debug hub (dbg_hub) core is a free running clock and is active OR
2. Manually launch hw_server with -e "set xsdb-user-bscan <C_USER_SCAN_CHAIN scan_chain_number>" to detect the debug hub at User Scan Chain of 2 or 4. To determine the user scan chain setting, open the implemented design and use: get_property C_USER_SCAN_CHAIN [get_debug_cores dbg_hub].
reset_run impl_1 -prev_step 
launch_runs impl_1 -to_step write_bitstream
WARNING: [Vivado 12-872] Run step 'Design Initialization' is out-of-date.
[Fri Dec 22 18:21:04 2023] Launched impl_1...
Run output will be captured here: C:/Users/bme31/Desktop/major_assignment/project_1/project_1.runs/impl_1/runme.log
set_property PROBES.FILE {C:/Users/bme31/Desktop/major_assignment/project_1/project_1.runs/impl_1/debug_nets.ltx} [lindex [get_hw_devices] 1]
set_property PROGRAM.FILE {C:/Users/bme31/Desktop/major_assignment/project_1/project_1.runs/impl_1/top.bit} [lindex [get_hw_devices] 1]
program_hw_devices [lindex [get_hw_devices] 1]
INFO: [Labtools 27-32] Done pin status: HIGH
refresh_hw_device [lindex [get_hw_devices] 1]
INFO: [Labtools 27-1434] Device xc7z020 (JTAG device index = 1) is programmed with a design that has no supported debug core(s) in it.
WARNING: [Labtools 27-3123] The debug hub core was not detected at User Scan Chain 1 or 3.
Resolution: 
1. Make sure the clock connected to the debug hub (dbg_hub) core is a free running clock and is active OR
2. Manually launch hw_server with -e "set xsdb-user-bscan <C_USER_SCAN_CHAIN scan_chain_number>" to detect the debug hub at User Scan Chain of 2 or 4. To determine the user scan chain setting, open the implemented design and use: get_property C_USER_SCAN_CHAIN [get_debug_cores dbg_hub].
reset_run synth_1
launch_runs impl_1 -to_step write_bitstream
[Fri Dec 22 18:22:23 2023] Launched synth_1...
Run output will be captured here: C:/Users/bme31/Desktop/major_assignment/project_1/project_1.runs/synth_1/runme.log
[Fri Dec 22 18:22:23 2023] Launched impl_1...
Run output will be captured here: C:/Users/bme31/Desktop/major_assignment/project_1/project_1.runs/impl_1/runme.log
set_property PROBES.FILE {C:/Users/bme31/Desktop/major_assignment/project_1/project_1.runs/impl_1/debug_nets.ltx} [lindex [get_hw_devices] 1]
set_property PROGRAM.FILE {C:/Users/bme31/Desktop/major_assignment/project_1/project_1.runs/impl_1/top.bit} [lindex [get_hw_devices] 1]
program_hw_devices [lindex [get_hw_devices] 1]
INFO: [Labtools 27-32] Done pin status: HIGH
refresh_hw_device [lindex [get_hw_devices] 1]
INFO: [Labtools 27-1434] Device xc7z020 (JTAG device index = 1) is programmed with a design that has no supported debug core(s) in it.
WARNING: [Labtools 27-3123] The debug hub core was not detected at User Scan Chain 1 or 3.
Resolution: 
1. Make sure the clock connected to the debug hub (dbg_hub) core is a free running clock and is active OR
2. Manually launch hw_server with -e "set xsdb-user-bscan <C_USER_SCAN_CHAIN scan_chain_number>" to detect the debug hub at User Scan Chain of 2 or 4. To determine the user scan chain setting, open the implemented design and use: get_property C_USER_SCAN_CHAIN [get_debug_cores dbg_hub].
reset_run impl_1 -prev_step 
launch_runs impl_1 -to_step write_bitstream
WARNING: [Vivado 12-872] Run step 'Design Initialization' is out-of-date.
[Fri Dec 22 18:26:00 2023] Launched impl_1...
Run output will be captured here: C:/Users/bme31/Desktop/major_assignment/project_1/project_1.runs/impl_1/runme.log
set_property PROBES.FILE {C:/Users/bme31/Desktop/major_assignment/project_1/project_1.runs/impl_1/debug_nets.ltx} [lindex [get_hw_devices] 1]
set_property PROGRAM.FILE {C:/Users/bme31/Desktop/major_assignment/project_1/project_1.runs/impl_1/top.bit} [lindex [get_hw_devices] 1]
program_hw_devices [lindex [get_hw_devices] 1]
INFO: [Labtools 27-32] Done pin status: HIGH
refresh_hw_device [lindex [get_hw_devices] 1]
INFO: [Labtools 27-1434] Device xc7z020 (JTAG device index = 1) is programmed with a design that has no supported debug core(s) in it.
WARNING: [Labtools 27-3123] The debug hub core was not detected at User Scan Chain 1 or 3.
Resolution: 
1. Make sure the clock connected to the debug hub (dbg_hub) core is a free running clock and is active OR
2. Manually launch hw_server with -e "set xsdb-user-bscan <C_USER_SCAN_CHAIN scan_chain_number>" to detect the debug hub at User Scan Chain of 2 or 4. To determine the user scan chain setting, open the implemented design and use: get_property C_USER_SCAN_CHAIN [get_debug_cores dbg_hub].
reset_run synth_1
launch_runs impl_1 -to_step write_bitstream
[Fri Dec 22 18:26:57 2023] Launched synth_1...
Run output will be captured here: C:/Users/bme31/Desktop/major_assignment/project_1/project_1.runs/synth_1/runme.log
[Fri Dec 22 18:26:57 2023] Launched impl_1...
Run output will be captured here: C:/Users/bme31/Desktop/major_assignment/project_1/project_1.runs/impl_1/runme.log
set_property PROBES.FILE {C:/Users/bme31/Desktop/major_assignment/project_1/project_1.runs/impl_1/debug_nets.ltx} [lindex [get_hw_devices] 1]
set_property PROGRAM.FILE {C:/Users/bme31/Desktop/major_assignment/project_1/project_1.runs/impl_1/top.bit} [lindex [get_hw_devices] 1]
program_hw_devices [lindex [get_hw_devices] 1]
INFO: [Labtools 27-32] Done pin status: HIGH
refresh_hw_device [lindex [get_hw_devices] 1]
INFO: [Labtools 27-1434] Device xc7z020 (JTAG device index = 1) is programmed with a design that has no supported debug core(s) in it.
WARNING: [Labtools 27-3123] The debug hub core was not detected at User Scan Chain 1 or 3.
Resolution: 
1. Make sure the clock connected to the debug hub (dbg_hub) core is a free running clock and is active OR
2. Manually launch hw_server with -e "set xsdb-user-bscan <C_USER_SCAN_CHAIN scan_chain_number>" to detect the debug hub at User Scan Chain of 2 or 4. To determine the user scan chain setting, open the implemented design and use: get_property C_USER_SCAN_CHAIN [get_debug_cores dbg_hub].
reset_run impl_1 -prev_step 
launch_runs impl_1 -to_step write_bitstream
WARNING: [Vivado 12-872] Run step 'Design Initialization' is out-of-date.
[Fri Dec 22 18:35:07 2023] Launched impl_1...
Run output will be captured here: C:/Users/bme31/Desktop/major_assignment/project_1/project_1.runs/impl_1/runme.log
set_property PROBES.FILE {C:/Users/bme31/Desktop/major_assignment/project_1/project_1.runs/impl_1/debug_nets.ltx} [lindex [get_hw_devices] 1]
set_property PROGRAM.FILE {C:/Users/bme31/Desktop/major_assignment/project_1/project_1.runs/impl_1/top.bit} [lindex [get_hw_devices] 1]
program_hw_devices [lindex [get_hw_devices] 1]
INFO: [Labtools 27-32] Done pin status: HIGH
refresh_hw_device [lindex [get_hw_devices] 1]
INFO: [Labtools 27-1434] Device xc7z020 (JTAG device index = 1) is programmed with a design that has no supported debug core(s) in it.
WARNING: [Labtools 27-3123] The debug hub core was not detected at User Scan Chain 1 or 3.
Resolution: 
1. Make sure the clock connected to the debug hub (dbg_hub) core is a free running clock and is active OR
2. Manually launch hw_server with -e "set xsdb-user-bscan <C_USER_SCAN_CHAIN scan_chain_number>" to detect the debug hub at User Scan Chain of 2 or 4. To determine the user scan chain setting, open the implemented design and use: get_property C_USER_SCAN_CHAIN [get_debug_cores dbg_hub].
reset_run synth_1
launch_runs impl_1 -to_step write_bitstream
[Fri Dec 22 18:41:47 2023] Launched synth_1...
Run output will be captured here: C:/Users/bme31/Desktop/major_assignment/project_1/project_1.runs/synth_1/runme.log
[Fri Dec 22 18:41:47 2023] Launched impl_1...
Run output will be captured here: C:/Users/bme31/Desktop/major_assignment/project_1/project_1.runs/impl_1/runme.log
set_property PROBES.FILE {C:/Users/bme31/Desktop/major_assignment/project_1/project_1.runs/impl_1/debug_nets.ltx} [lindex [get_hw_devices] 1]
set_property PROGRAM.FILE {C:/Users/bme31/Desktop/major_assignment/project_1/project_1.runs/impl_1/top.bit} [lindex [get_hw_devices] 1]
program_hw_devices [lindex [get_hw_devices] 1]
INFO: [Labtools 27-32] Done pin status: HIGH
refresh_hw_device [lindex [get_hw_devices] 1]
INFO: [Labtools 27-1434] Device xc7z020 (JTAG device index = 1) is programmed with a design that has no supported debug core(s) in it.
WARNING: [Labtools 27-3123] The debug hub core was not detected at User Scan Chain 1 or 3.
Resolution: 
1. Make sure the clock connected to the debug hub (dbg_hub) core is a free running clock and is active OR
2. Manually launch hw_server with -e "set xsdb-user-bscan <C_USER_SCAN_CHAIN scan_chain_number>" to detect the debug hub at User Scan Chain of 2 or 4. To determine the user scan chain setting, open the implemented design and use: get_property C_USER_SCAN_CHAIN [get_debug_cores dbg_hub].
add_files -norecurse -scan_for_includes C:/Users/bme31/Desktop/111/Debounce.v
import_files -norecurse C:/Users/bme31/Desktop/111/Debounce.v
update_compile_order -fileset sources_1
update_compile_order -fileset sources_1
update_compile_order -fileset sources_1
update_compile_order -fileset sim_1
reset_run synth_1
launch_runs impl_1 -to_step write_bitstream
[Fri Dec 22 18:51:10 2023] Launched synth_1...
Run output will be captured here: C:/Users/bme31/Desktop/major_assignment/project_1/project_1.runs/synth_1/runme.log
[Fri Dec 22 18:51:10 2023] Launched impl_1...
Run output will be captured here: C:/Users/bme31/Desktop/major_assignment/project_1/project_1.runs/impl_1/runme.log
reset_run impl_1 -prev_step 
launch_runs impl_1 -to_step write_bitstream
[Fri Dec 22 18:56:14 2023] Launched impl_1...
Run output will be captured here: C:/Users/bme31/Desktop/major_assignment/project_1/project_1.runs/impl_1/runme.log
reset_run impl_1 -prev_step 
launch_runs impl_1 -to_step write_bitstream
[Fri Dec 22 18:56:57 2023] Launched impl_1...
Run output will be captured here: C:/Users/bme31/Desktop/major_assignment/project_1/project_1.runs/impl_1/runme.log
update_compile_order -fileset sources_1
update_compile_order -fileset sim_1
update_compile_order -fileset sources_1
reset_run impl_1 -prev_step 
reset_run synth_1
launch_runs impl_1 -to_step write_bitstream
[Fri Dec 22 18:57:12 2023] Launched synth_1...
Run output will be captured here: C:/Users/bme31/Desktop/major_assignment/project_1/project_1.runs/synth_1/runme.log
[Fri Dec 22 18:57:12 2023] Launched impl_1...
Run output will be captured here: C:/Users/bme31/Desktop/major_assignment/project_1/project_1.runs/impl_1/runme.log
reset_run synth_1
launch_runs impl_1 -to_step write_bitstream
[Fri Dec 22 18:58:22 2023] Launched synth_1...
Run output will be captured here: C:/Users/bme31/Desktop/major_assignment/project_1/project_1.runs/synth_1/runme.log
[Fri Dec 22 18:58:22 2023] Launched impl_1...
Run output will be captured here: C:/Users/bme31/Desktop/major_assignment/project_1/project_1.runs/impl_1/runme.log
reset_run synth_1
launch_runs impl_1 -to_step write_bitstream
[Fri Dec 22 19:00:19 2023] Launched synth_1...
Run output will be captured here: C:/Users/bme31/Desktop/major_assignment/project_1/project_1.runs/synth_1/runme.log
[Fri Dec 22 19:00:19 2023] Launched impl_1...
Run output will be captured here: C:/Users/bme31/Desktop/major_assignment/project_1/project_1.runs/impl_1/runme.log
reset_run synth_1
launch_runs impl_1 -to_step write_bitstream
[Fri Dec 22 19:02:24 2023] Launched synth_1...
Run output will be captured here: C:/Users/bme31/Desktop/major_assignment/project_1/project_1.runs/synth_1/runme.log
[Fri Dec 22 19:02:24 2023] Launched impl_1...
Run output will be captured here: C:/Users/bme31/Desktop/major_assignment/project_1/project_1.runs/impl_1/runme.log
reset_run synth_1
launch_runs impl_1 -to_step write_bitstream
[Fri Dec 22 19:04:52 2023] Launched synth_1...
Run output will be captured here: C:/Users/bme31/Desktop/major_assignment/project_1/project_1.runs/synth_1/runme.log
[Fri Dec 22 19:04:52 2023] Launched impl_1...
Run output will be captured here: C:/Users/bme31/Desktop/major_assignment/project_1/project_1.runs/impl_1/runme.log
reset_run synth_1
launch_runs impl_1 -to_step write_bitstream
[Fri Dec 22 19:05:56 2023] Launched synth_1...
Run output will be captured here: C:/Users/bme31/Desktop/major_assignment/project_1/project_1.runs/synth_1/runme.log
[Fri Dec 22 19:05:56 2023] Launched impl_1...
Run output will be captured here: C:/Users/bme31/Desktop/major_assignment/project_1/project_1.runs/impl_1/runme.log
reset_run synth_1
launch_runs impl_1 -to_step write_bitstream
[Fri Dec 22 19:07:55 2023] Launched synth_1...
Run output will be captured here: C:/Users/bme31/Desktop/major_assignment/project_1/project_1.runs/synth_1/runme.log
[Fri Dec 22 19:07:55 2023] Launched impl_1...
Run output will be captured here: C:/Users/bme31/Desktop/major_assignment/project_1/project_1.runs/impl_1/runme.log
reset_run synth_1
launch_runs impl_1 -to_step write_bitstream
[Fri Dec 22 19:12:34 2023] Launched synth_1...
Run output will be captured here: C:/Users/bme31/Desktop/major_assignment/project_1/project_1.runs/synth_1/runme.log
[Fri Dec 22 19:12:34 2023] Launched impl_1...
Run output will be captured here: C:/Users/bme31/Desktop/major_assignment/project_1/project_1.runs/impl_1/runme.log
reset_run synth_1
reset_run synth_1
launch_runs impl_1 -to_step write_bitstream
[Fri Dec 22 19:13:17 2023] Launched synth_1...
Run output will be captured here: C:/Users/bme31/Desktop/major_assignment/project_1/project_1.runs/synth_1/runme.log
[Fri Dec 22 19:13:17 2023] Launched impl_1...
Run output will be captured here: C:/Users/bme31/Desktop/major_assignment/project_1/project_1.runs/impl_1/runme.log
reset_run synth_1
launch_runs impl_1 -to_step write_bitstream
[Fri Dec 22 19:13:43 2023] Launched synth_1...
Run output will be captured here: C:/Users/bme31/Desktop/major_assignment/project_1/project_1.runs/synth_1/runme.log
[Fri Dec 22 19:13:43 2023] Launched impl_1...
Run output will be captured here: C:/Users/bme31/Desktop/major_assignment/project_1/project_1.runs/impl_1/runme.log
reset_run synth_1
launch_runs impl_1 -to_step write_bitstream
[Fri Dec 22 19:14:21 2023] Launched synth_1...
Run output will be captured here: C:/Users/bme31/Desktop/major_assignment/project_1/project_1.runs/synth_1/runme.log
[Fri Dec 22 19:14:21 2023] Launched impl_1...
Run output will be captured here: C:/Users/bme31/Desktop/major_assignment/project_1/project_1.runs/impl_1/runme.log
reset_run impl_1 -prev_step 
launch_runs impl_1 -to_step write_bitstream
WARNING: [Vivado 12-872] Run step 'Design Initialization' is out-of-date.
[Fri Dec 22 19:16:03 2023] Launched impl_1...
Run output will be captured here: C:/Users/bme31/Desktop/major_assignment/project_1/project_1.runs/impl_1/runme.log
set_property PROBES.FILE {C:/Users/bme31/Desktop/major_assignment/project_1/project_1.runs/impl_1/debug_nets.ltx} [lindex [get_hw_devices] 1]
set_property PROGRAM.FILE {C:/Users/bme31/Desktop/major_assignment/project_1/project_1.runs/impl_1/top.bit} [lindex [get_hw_devices] 1]
program_hw_devices [lindex [get_hw_devices] 1]
INFO: [Labtools 27-32] Done pin status: HIGH
refresh_hw_device [lindex [get_hw_devices] 1]
INFO: [Labtools 27-1434] Device xc7z020 (JTAG device index = 1) is programmed with a design that has no supported debug core(s) in it.
WARNING: [Labtools 27-3123] The debug hub core was not detected at User Scan Chain 1 or 3.
Resolution: 
1. Make sure the clock connected to the debug hub (dbg_hub) core is a free running clock and is active OR
2. Manually launch hw_server with -e "set xsdb-user-bscan <C_USER_SCAN_CHAIN scan_chain_number>" to detect the debug hub at User Scan Chain of 2 or 4. To determine the user scan chain setting, open the implemented design and use: get_property C_USER_SCAN_CHAIN [get_debug_cores dbg_hub].
reset_run synth_1
launch_runs impl_1 -to_step write_bitstream
[Fri Dec 22 19:20:19 2023] Launched synth_1...
Run output will be captured here: C:/Users/bme31/Desktop/major_assignment/project_1/project_1.runs/synth_1/runme.log
[Fri Dec 22 19:20:19 2023] Launched impl_1...
Run output will be captured here: C:/Users/bme31/Desktop/major_assignment/project_1/project_1.runs/impl_1/runme.log
set_property PROBES.FILE {C:/Users/bme31/Desktop/major_assignment/project_1/project_1.runs/impl_1/debug_nets.ltx} [lindex [get_hw_devices] 1]
set_property PROGRAM.FILE {C:/Users/bme31/Desktop/major_assignment/project_1/project_1.runs/impl_1/top.bit} [lindex [get_hw_devices] 1]
program_hw_devices [lindex [get_hw_devices] 1]
INFO: [Labtools 27-32] Done pin status: HIGH
refresh_hw_device [lindex [get_hw_devices] 1]
INFO: [Labtools 27-1434] Device xc7z020 (JTAG device index = 1) is programmed with a design that has no supported debug core(s) in it.
WARNING: [Labtools 27-3123] The debug hub core was not detected at User Scan Chain 1 or 3.
Resolution: 
1. Make sure the clock connected to the debug hub (dbg_hub) core is a free running clock and is active OR
2. Manually launch hw_server with -e "set xsdb-user-bscan <C_USER_SCAN_CHAIN scan_chain_number>" to detect the debug hub at User Scan Chain of 2 or 4. To determine the user scan chain setting, open the implemented design and use: get_property C_USER_SCAN_CHAIN [get_debug_cores dbg_hub].
set_property PROBES.FILE {C:/Users/bme31/Desktop/major_assignment/project_1/project_1.runs/impl_1/debug_nets.ltx} [lindex [get_hw_devices] 1]
set_property PROGRAM.FILE {C:/Users/bme31/Desktop/major_assignment/project_1/project_1.runs/impl_1/top.bit} [lindex [get_hw_devices] 1]
program_hw_devices [lindex [get_hw_devices] 1]
INFO: [Labtools 27-32] Done pin status: HIGH
refresh_hw_device [lindex [get_hw_devices] 1]
INFO: [Labtools 27-1434] Device xc7z020 (JTAG device index = 1) is programmed with a design that has no supported debug core(s) in it.
WARNING: [Labtools 27-3123] The debug hub core was not detected at User Scan Chain 1 or 3.
Resolution: 
1. Make sure the clock connected to the debug hub (dbg_hub) core is a free running clock and is active OR
2. Manually launch hw_server with -e "set xsdb-user-bscan <C_USER_SCAN_CHAIN scan_chain_number>" to detect the debug hub at User Scan Chain of 2 or 4. To determine the user scan chain setting, open the implemented design and use: get_property C_USER_SCAN_CHAIN [get_debug_cores dbg_hub].
reset_run impl_1 -prev_step 
launch_runs impl_1 -to_step write_bitstream
WARNING: [Vivado 12-872] Run step 'Design Initialization' is out-of-date.
[Fri Dec 22 19:23:51 2023] Launched impl_1...
Run output will be captured here: C:/Users/bme31/Desktop/major_assignment/project_1/project_1.runs/impl_1/runme.log
set_property PROBES.FILE {C:/Users/bme31/Desktop/major_assignment/project_1/project_1.runs/impl_1/debug_nets.ltx} [lindex [get_hw_devices] 1]
set_property PROGRAM.FILE {C:/Users/bme31/Desktop/major_assignment/project_1/project_1.runs/impl_1/top.bit} [lindex [get_hw_devices] 1]
program_hw_devices [lindex [get_hw_devices] 1]
INFO: [Labtools 27-32] Done pin status: HIGH
refresh_hw_device [lindex [get_hw_devices] 1]
INFO: [Labtools 27-1434] Device xc7z020 (JTAG device index = 1) is programmed with a design that has no supported debug core(s) in it.
WARNING: [Labtools 27-3123] The debug hub core was not detected at User Scan Chain 1 or 3.
Resolution: 
1. Make sure the clock connected to the debug hub (dbg_hub) core is a free running clock and is active OR
2. Manually launch hw_server with -e "set xsdb-user-bscan <C_USER_SCAN_CHAIN scan_chain_number>" to detect the debug hub at User Scan Chain of 2 or 4. To determine the user scan chain setting, open the implemented design and use: get_property C_USER_SCAN_CHAIN [get_debug_cores dbg_hub].
reset_run synth_1
launch_runs impl_1 -to_step write_bitstream
[Fri Dec 22 19:26:57 2023] Launched synth_1...
Run output will be captured here: C:/Users/bme31/Desktop/major_assignment/project_1/project_1.runs/synth_1/runme.log
[Fri Dec 22 19:26:57 2023] Launched impl_1...
Run output will be captured here: C:/Users/bme31/Desktop/major_assignment/project_1/project_1.runs/impl_1/runme.log
reset_run synth_1
launch_runs impl_1 -to_step write_bitstream
[Fri Dec 22 19:28:14 2023] Launched synth_1...
Run output will be captured here: C:/Users/bme31/Desktop/major_assignment/project_1/project_1.runs/synth_1/runme.log
[Fri Dec 22 19:28:14 2023] Launched impl_1...
Run output will be captured here: C:/Users/bme31/Desktop/major_assignment/project_1/project_1.runs/impl_1/runme.log
set_property PROBES.FILE {C:/Users/bme31/Desktop/major_assignment/project_1/project_1.runs/impl_1/debug_nets.ltx} [lindex [get_hw_devices] 1]
set_property PROGRAM.FILE {C:/Users/bme31/Desktop/major_assignment/project_1/project_1.runs/impl_1/top.bit} [lindex [get_hw_devices] 1]
program_hw_devices [lindex [get_hw_devices] 1]
INFO: [Labtools 27-32] Done pin status: HIGH
refresh_hw_device [lindex [get_hw_devices] 1]
INFO: [Labtools 27-1434] Device xc7z020 (JTAG device index = 1) is programmed with a design that has no supported debug core(s) in it.
WARNING: [Labtools 27-3123] The debug hub core was not detected at User Scan Chain 1 or 3.
Resolution: 
1. Make sure the clock connected to the debug hub (dbg_hub) core is a free running clock and is active OR
2. Manually launch hw_server with -e "set xsdb-user-bscan <C_USER_SCAN_CHAIN scan_chain_number>" to detect the debug hub at User Scan Chain of 2 or 4. To determine the user scan chain setting, open the implemented design and use: get_property C_USER_SCAN_CHAIN [get_debug_cores dbg_hub].
reset_run impl_1 -prev_step 
launch_runs impl_1 -to_step write_bitstream
WARNING: [Vivado 12-872] Run step 'Design Initialization' is out-of-date.
[Fri Dec 22 19:32:52 2023] Launched impl_1...
Run output will be captured here: C:/Users/bme31/Desktop/major_assignment/project_1/project_1.runs/impl_1/runme.log
reset_run impl_1 -prev_step 
reset_run synth_1
launch_runs impl_1 -to_step write_bitstream
[Fri Dec 22 19:33:14 2023] Launched synth_1...
Run output will be captured here: C:/Users/bme31/Desktop/major_assignment/project_1/project_1.runs/synth_1/runme.log
[Fri Dec 22 19:33:14 2023] Launched impl_1...
Run output will be captured here: C:/Users/bme31/Desktop/major_assignment/project_1/project_1.runs/impl_1/runme.log
reset_run synth_1
launch_runs impl_1 -to_step write_bitstream
[Fri Dec 22 19:33:55 2023] Launched synth_1...
Run output will be captured here: C:/Users/bme31/Desktop/major_assignment/project_1/project_1.runs/synth_1/runme.log
[Fri Dec 22 19:33:55 2023] Launched impl_1...
Run output will be captured here: C:/Users/bme31/Desktop/major_assignment/project_1/project_1.runs/impl_1/runme.log
reset_run synth_1
launch_runs impl_1 -to_step write_bitstream
[Fri Dec 22 19:36:40 2023] Launched synth_1...
Run output will be captured here: C:/Users/bme31/Desktop/major_assignment/project_1/project_1.runs/synth_1/runme.log
[Fri Dec 22 19:36:40 2023] Launched impl_1...
Run output will be captured here: C:/Users/bme31/Desktop/major_assignment/project_1/project_1.runs/impl_1/runme.log
set_property PROBES.FILE {C:/Users/bme31/Desktop/major_assignment/project_1/project_1.runs/impl_1/debug_nets.ltx} [lindex [get_hw_devices] 1]
set_property PROGRAM.FILE {C:/Users/bme31/Desktop/major_assignment/project_1/project_1.runs/impl_1/top.bit} [lindex [get_hw_devices] 1]
program_hw_devices [lindex [get_hw_devices] 1]
INFO: [Labtools 27-32] Done pin status: HIGH
refresh_hw_device [lindex [get_hw_devices] 1]
INFO: [Labtools 27-1434] Device xc7z020 (JTAG device index = 1) is programmed with a design that has no supported debug core(s) in it.
WARNING: [Labtools 27-3123] The debug hub core was not detected at User Scan Chain 1 or 3.
Resolution: 
1. Make sure the clock connected to the debug hub (dbg_hub) core is a free running clock and is active OR
2. Manually launch hw_server with -e "set xsdb-user-bscan <C_USER_SCAN_CHAIN scan_chain_number>" to detect the debug hub at User Scan Chain of 2 or 4. To determine the user scan chain setting, open the implemented design and use: get_property C_USER_SCAN_CHAIN [get_debug_cores dbg_hub].
reset_run impl_1 -prev_step 
launch_runs impl_1 -to_step write_bitstream
WARNING: [Vivado 12-872] Run step 'Design Initialization' is out-of-date.
[Fri Dec 22 19:38:08 2023] Launched impl_1...
Run output will be captured here: C:/Users/bme31/Desktop/major_assignment/project_1/project_1.runs/impl_1/runme.log
set_property PROBES.FILE {C:/Users/bme31/Desktop/major_assignment/project_1/project_1.runs/impl_1/debug_nets.ltx} [lindex [get_hw_devices] 1]
set_property PROGRAM.FILE {C:/Users/bme31/Desktop/major_assignment/project_1/project_1.runs/impl_1/top.bit} [lindex [get_hw_devices] 1]
program_hw_devices [lindex [get_hw_devices] 1]
INFO: [Labtools 27-32] Done pin status: HIGH
refresh_hw_device [lindex [get_hw_devices] 1]
INFO: [Labtools 27-1434] Device xc7z020 (JTAG device index = 1) is programmed with a design that has no supported debug core(s) in it.
WARNING: [Labtools 27-3123] The debug hub core was not detected at User Scan Chain 1 or 3.
Resolution: 
1. Make sure the clock connected to the debug hub (dbg_hub) core is a free running clock and is active OR
2. Manually launch hw_server with -e "set xsdb-user-bscan <C_USER_SCAN_CHAIN scan_chain_number>" to detect the debug hub at User Scan Chain of 2 or 4. To determine the user scan chain setting, open the implemented design and use: get_property C_USER_SCAN_CHAIN [get_debug_cores dbg_hub].
set_property PROBES.FILE {C:/Users/bme31/Desktop/major_assignment/project_1/project_1.runs/impl_1/debug_nets.ltx} [lindex [get_hw_devices] 1]
set_property PROGRAM.FILE {C:/Users/bme31/Desktop/major_assignment/project_1/project_1.runs/impl_1/top.bit} [lindex [get_hw_devices] 1]
program_hw_devices [lindex [get_hw_devices] 1]
INFO: [Labtools 27-32] Done pin status: HIGH
refresh_hw_device [lindex [get_hw_devices] 1]
INFO: [Labtools 27-1434] Device xc7z020 (JTAG device index = 1) is programmed with a design that has no supported debug core(s) in it.
WARNING: [Labtools 27-3123] The debug hub core was not detected at User Scan Chain 1 or 3.
Resolution: 
1. Make sure the clock connected to the debug hub (dbg_hub) core is a free running clock and is active OR
2. Manually launch hw_server with -e "set xsdb-user-bscan <C_USER_SCAN_CHAIN scan_chain_number>" to detect the debug hub at User Scan Chain of 2 or 4. To determine the user scan chain setting, open the implemented design and use: get_property C_USER_SCAN_CHAIN [get_debug_cores dbg_hub].
reset_run synth_1
launch_runs impl_1 -to_step write_bitstream
[Fri Dec 22 19:42:15 2023] Launched synth_1...
Run output will be captured here: C:/Users/bme31/Desktop/major_assignment/project_1/project_1.runs/synth_1/runme.log
[Fri Dec 22 19:42:15 2023] Launched impl_1...
Run output will be captured here: C:/Users/bme31/Desktop/major_assignment/project_1/project_1.runs/impl_1/runme.log
set_property PROBES.FILE {C:/Users/bme31/Desktop/major_assignment/project_1/project_1.runs/impl_1/debug_nets.ltx} [lindex [get_hw_devices] 1]
set_property PROGRAM.FILE {C:/Users/bme31/Desktop/major_assignment/project_1/project_1.runs/impl_1/top.bit} [lindex [get_hw_devices] 1]
program_hw_devices [lindex [get_hw_devices] 1]
INFO: [Labtools 27-32] Done pin status: HIGH
refresh_hw_device [lindex [get_hw_devices] 1]
INFO: [Labtools 27-1434] Device xc7z020 (JTAG device index = 1) is programmed with a design that has no supported debug core(s) in it.
WARNING: [Labtools 27-3123] The debug hub core was not detected at User Scan Chain 1 or 3.
Resolution: 
1. Make sure the clock connected to the debug hub (dbg_hub) core is a free running clock and is active OR
2. Manually launch hw_server with -e "set xsdb-user-bscan <C_USER_SCAN_CHAIN scan_chain_number>" to detect the debug hub at User Scan Chain of 2 or 4. To determine the user scan chain setting, open the implemented design and use: get_property C_USER_SCAN_CHAIN [get_debug_cores dbg_hub].
reset_run impl_1 -prev_step 
launch_runs impl_1 -to_step write_bitstream
WARNING: [Vivado 12-872] Run step 'Design Initialization' is out-of-date.
[Fri Dec 22 19:48:45 2023] Launched impl_1...
Run output will be captured here: C:/Users/bme31/Desktop/major_assignment/project_1/project_1.runs/impl_1/runme.log
reset_run impl_1 -prev_step 
reset_run synth_1
launch_runs impl_1 -to_step write_bitstream
[Fri Dec 22 19:49:06 2023] Launched synth_1...
Run output will be captured here: C:/Users/bme31/Desktop/major_assignment/project_1/project_1.runs/synth_1/runme.log
[Fri Dec 22 19:49:06 2023] Launched impl_1...
Run output will be captured here: C:/Users/bme31/Desktop/major_assignment/project_1/project_1.runs/impl_1/runme.log
reset_run synth_1
launch_runs impl_1 -to_step write_bitstream
[Fri Dec 22 19:51:09 2023] Launched synth_1...
Run output will be captured here: C:/Users/bme31/Desktop/major_assignment/project_1/project_1.runs/synth_1/runme.log
[Fri Dec 22 19:51:09 2023] Launched impl_1...
Run output will be captured here: C:/Users/bme31/Desktop/major_assignment/project_1/project_1.runs/impl_1/runme.log
reset_run synth_1
launch_runs impl_1 -to_step write_bitstream
[Fri Dec 22 19:54:04 2023] Launched synth_1...
Run output will be captured here: C:/Users/bme31/Desktop/major_assignment/project_1/project_1.runs/synth_1/runme.log
[Fri Dec 22 19:54:04 2023] Launched impl_1...
Run output will be captured here: C:/Users/bme31/Desktop/major_assignment/project_1/project_1.runs/impl_1/runme.log
reset_run synth_1
launch_runs impl_1 -to_step write_bitstream
[Fri Dec 22 19:54:24 2023] Launched synth_1...
Run output will be captured here: C:/Users/bme31/Desktop/major_assignment/project_1/project_1.runs/synth_1/runme.log
[Fri Dec 22 19:54:24 2023] Launched impl_1...
Run output will be captured here: C:/Users/bme31/Desktop/major_assignment/project_1/project_1.runs/impl_1/runme.log
set_property PROBES.FILE {C:/Users/bme31/Desktop/major_assignment/project_1/project_1.runs/impl_1/debug_nets.ltx} [lindex [get_hw_devices] 1]
set_property PROGRAM.FILE {C:/Users/bme31/Desktop/major_assignment/project_1/project_1.runs/impl_1/top.bit} [lindex [get_hw_devices] 1]
program_hw_devices [lindex [get_hw_devices] 1]
INFO: [Labtools 27-32] Done pin status: HIGH
refresh_hw_device [lindex [get_hw_devices] 1]
INFO: [Labtools 27-1434] Device xc7z020 (JTAG device index = 1) is programmed with a design that has no supported debug core(s) in it.
WARNING: [Labtools 27-3123] The debug hub core was not detected at User Scan Chain 1 or 3.
Resolution: 
1. Make sure the clock connected to the debug hub (dbg_hub) core is a free running clock and is active OR
2. Manually launch hw_server with -e "set xsdb-user-bscan <C_USER_SCAN_CHAIN scan_chain_number>" to detect the debug hub at User Scan Chain of 2 or 4. To determine the user scan chain setting, open the implemented design and use: get_property C_USER_SCAN_CHAIN [get_debug_cores dbg_hub].
reset_run impl_1 -prev_step 
launch_runs impl_1 -to_step write_bitstream
WARNING: [Vivado 12-872] Run step 'Design Initialization' is out-of-date.
[Fri Dec 22 19:56:01 2023] Launched impl_1...
Run output will be captured here: C:/Users/bme31/Desktop/major_assignment/project_1/project_1.runs/impl_1/runme.log
set_property PROBES.FILE {C:/Users/bme31/Desktop/major_assignment/project_1/project_1.runs/impl_1/debug_nets.ltx} [lindex [get_hw_devices] 1]
set_property PROGRAM.FILE {C:/Users/bme31/Desktop/major_assignment/project_1/project_1.runs/impl_1/top.bit} [lindex [get_hw_devices] 1]
program_hw_devices [lindex [get_hw_devices] 1]
INFO: [Labtools 27-32] Done pin status: HIGH
refresh_hw_device [lindex [get_hw_devices] 1]
INFO: [Labtools 27-1434] Device xc7z020 (JTAG device index = 1) is programmed with a design that has no supported debug core(s) in it.
WARNING: [Labtools 27-3123] The debug hub core was not detected at User Scan Chain 1 or 3.
Resolution: 
1. Make sure the clock connected to the debug hub (dbg_hub) core is a free running clock and is active OR
2. Manually launch hw_server with -e "set xsdb-user-bscan <C_USER_SCAN_CHAIN scan_chain_number>" to detect the debug hub at User Scan Chain of 2 or 4. To determine the user scan chain setting, open the implemented design and use: get_property C_USER_SCAN_CHAIN [get_debug_cores dbg_hub].
reset_run synth_1
launch_runs impl_1 -to_step write_bitstream
[Fri Dec 22 19:57:05 2023] Launched synth_1...
Run output will be captured here: C:/Users/bme31/Desktop/major_assignment/project_1/project_1.runs/synth_1/runme.log
[Fri Dec 22 19:57:05 2023] Launched impl_1...
Run output will be captured here: C:/Users/bme31/Desktop/major_assignment/project_1/project_1.runs/impl_1/runme.log
set_property PROBES.FILE {C:/Users/bme31/Desktop/major_assignment/project_1/project_1.runs/impl_1/debug_nets.ltx} [lindex [get_hw_devices] 1]
set_property PROGRAM.FILE {C:/Users/bme31/Desktop/major_assignment/project_1/project_1.runs/impl_1/top.bit} [lindex [get_hw_devices] 1]
program_hw_devices [lindex [get_hw_devices] 1]
INFO: [Labtools 27-32] Done pin status: HIGH
refresh_hw_device [lindex [get_hw_devices] 1]
INFO: [Labtools 27-1434] Device xc7z020 (JTAG device index = 1) is programmed with a design that has no supported debug core(s) in it.
WARNING: [Labtools 27-3123] The debug hub core was not detected at User Scan Chain 1 or 3.
Resolution: 
1. Make sure the clock connected to the debug hub (dbg_hub) core is a free running clock and is active OR
2. Manually launch hw_server with -e "set xsdb-user-bscan <C_USER_SCAN_CHAIN scan_chain_number>" to detect the debug hub at User Scan Chain of 2 or 4. To determine the user scan chain setting, open the implemented design and use: get_property C_USER_SCAN_CHAIN [get_debug_cores dbg_hub].
reset_run impl_1 -prev_step 
launch_runs impl_1 -to_step write_bitstream
WARNING: [Vivado 12-872] Run step 'Design Initialization' is out-of-date.
[Fri Dec 22 19:58:27 2023] Launched impl_1...
Run output will be captured here: C:/Users/bme31/Desktop/major_assignment/project_1/project_1.runs/impl_1/runme.log
reset_run synth_1
launch_runs impl_1 -to_step write_bitstream
[Fri Dec 22 19:58:56 2023] Launched synth_1...
Run output will be captured here: C:/Users/bme31/Desktop/major_assignment/project_1/project_1.runs/synth_1/runme.log
[Fri Dec 22 19:58:56 2023] Launched impl_1...
Run output will be captured here: C:/Users/bme31/Desktop/major_assignment/project_1/project_1.runs/impl_1/runme.log
set_property PROBES.FILE {C:/Users/bme31/Desktop/major_assignment/project_1/project_1.runs/impl_1/debug_nets.ltx} [lindex [get_hw_devices] 1]
set_property PROGRAM.FILE {C:/Users/bme31/Desktop/major_assignment/project_1/project_1.runs/impl_1/top.bit} [lindex [get_hw_devices] 1]
program_hw_devices [lindex [get_hw_devices] 1]
INFO: [Labtools 27-32] Done pin status: HIGH
refresh_hw_device [lindex [get_hw_devices] 1]
INFO: [Labtools 27-1434] Device xc7z020 (JTAG device index = 1) is programmed with a design that has no supported debug core(s) in it.
WARNING: [Labtools 27-3123] The debug hub core was not detected at User Scan Chain 1 or 3.
Resolution: 
1. Make sure the clock connected to the debug hub (dbg_hub) core is a free running clock and is active OR
2. Manually launch hw_server with -e "set xsdb-user-bscan <C_USER_SCAN_CHAIN scan_chain_number>" to detect the debug hub at User Scan Chain of 2 or 4. To determine the user scan chain setting, open the implemented design and use: get_property C_USER_SCAN_CHAIN [get_debug_cores dbg_hub].
