
*** Running vivado
    with args -log clk_sw_7seg_top.vds -m64 -mode batch -messageDb vivado.pb -source clk_sw_7seg_top.tcl


****** Vivado v2014.4 (64-bit)
  **** SW Build 1071353 on Tue Nov 18 18:24:04 MST 2014
  **** IP Build 1070531 on Tue Nov 18 01:10:18 MST 2014
    ** Copyright 1986-2014 Xilinx, Inc. All Rights Reserved.

source clk_sw_7seg_top.tcl
# set_param gui.test TreeTableDev
# set_param xicom.use_bs_reader 1
# debug::add_scope template.lib 1
# set_msg_config -id {HDL 9-1061} -limit 100000
# set_msg_config -id {HDL 9-1654} -limit 100000
# create_project -in_memory -part xc7z020clg484-1
WARNING: [Board 49-26] cannot add Board Part xilinx.com:kc705:part0:0.9 available at C:/Xilinx/Vivado/2014.4/data/boards/board_parts/kintex7/kc705/0.9/board_part.xml as part xc7k325tffg900-2 specified in board_part file is either invalid or not available
WARNING: [Board 49-26] cannot add Board Part xilinx.com:kc705:part0:1.0 available at C:/Xilinx/Vivado/2014.4/data/boards/board_parts/kintex7/kc705/1.0/board_part.xml as part xc7k325tffg900-2 specified in board_part file is either invalid or not available
WARNING: [Board 49-26] cannot add Board Part xilinx.com:kc705:part0:1.1 available at C:/Xilinx/Vivado/2014.4/data/boards/board_parts/kintex7/kc705/1.1/board_part.xml as part xc7k325tffg900-2 specified in board_part file is either invalid or not available
WARNING: [Board 49-26] cannot add Board Part xilinx.com:zc706:part0:0.9 available at C:/Xilinx/Vivado/2014.4/data/boards/board_parts/zynq/zc706/0.9/board_part.xml as part xc7z045ffg900-2 specified in board_part file is either invalid or not available
WARNING: [Board 49-26] cannot add Board Part xilinx.com:zc706:part0:1.0 available at C:/Xilinx/Vivado/2014.4/data/boards/board_parts/zynq/zc706/1.0/board_part.xml as part xc7z045ffg900-2 specified in board_part file is either invalid or not available
WARNING: [Board 49-26] cannot add Board Part xilinx.com:zc706:part0:1.1 available at C:/Xilinx/Vivado/2014.4/data/boards/board_parts/zynq/zc706/1.1/board_part.xml as part xc7z045ffg900-2 specified in board_part file is either invalid or not available
# set_param project.compositeFile.enableAutoGeneration 0
# set_param synth.vivado.isSynthRun true
# set_property webtalk.parent_dir C:/Users/bme31/Desktop/shudianshiyan4/project_2/project_2.cache/wt [current_project]
# set_property parent.project_path C:/Users/bme31/Desktop/shudianshiyan4/project_2/project_2.xpr [current_project]
# set_property default_lib xil_defaultlib [current_project]
# set_property target_language Verilog [current_project]
# read_verilog -library xil_defaultlib {{C:/Users/bme31/Desktop/shudianshiyan4/project_2/project_2.srcs/sources_1/imports/digital 4/lab42.v}}
# read_xdc C:/Users/bme31/Desktop/shudianshiyan4/project_2/project_2.srcs/constrs_1/new/exp2.xdc
# set_property used_in_implementation false [get_files C:/Users/bme31/Desktop/shudianshiyan4/project_2/project_2.srcs/constrs_1/new/exp2.xdc]
# catch { write_hwdef -file clk_sw_7seg_top.hwdef }
INFO: [Vivado_Tcl 4-279] hardware handoff file cannot be generated as there is no block diagram instance in the design
# synth_design -top clk_sw_7seg_top -part xc7z020clg484-1
Command: synth_design -top clk_sw_7seg_top -part xc7z020clg484-1
Starting synth_design
Attempting to get a license for feature 'Synthesis' and/or device 'xc7z020'
INFO: [Common 17-349] Got license for feature 'Synthesis' and/or device 'xc7z020'
---------------------------------------------------------------------------------
Starting RTL Elaboration : Time (s): cpu = 00:00:01 ; elapsed = 00:00:02 . Memory (MB): peak = 232.719 ; gain = 78.152
---------------------------------------------------------------------------------
INFO: [Synth 8-638] synthesizing module 'clk_sw_7seg_top' [C:/Users/bme31/Desktop/shudianshiyan4/project_2/project_2.srcs/sources_1/imports/digital 4/lab42.v:32]
INFO: [Synth 8-638] synthesizing module 'clk_sw_7seg_sub' [C:/Users/bme31/Desktop/shudianshiyan4/project_2/project_2.srcs/sources_1/imports/digital 4/lab42.v:1]
INFO: [Synth 8-226] default block is never used [C:/Users/bme31/Desktop/shudianshiyan4/project_2/project_2.srcs/sources_1/imports/digital 4/lab42.v:11]
INFO: [Synth 8-256] done synthesizing module 'clk_sw_7seg_sub' (1#1) [C:/Users/bme31/Desktop/shudianshiyan4/project_2/project_2.srcs/sources_1/imports/digital 4/lab42.v:1]
INFO: [Synth 8-256] done synthesizing module 'clk_sw_7seg_top' (2#1) [C:/Users/bme31/Desktop/shudianshiyan4/project_2/project_2.srcs/sources_1/imports/digital 4/lab42.v:32]
---------------------------------------------------------------------------------
Finished RTL Elaboration : Time (s): cpu = 00:00:01 ; elapsed = 00:00:02 . Memory (MB): peak = 266.797 ; gain = 112.230
---------------------------------------------------------------------------------

Report Check Netlist: 
+------+------------------+-------+---------+-------+------------------+
|      |Item              |Errors |Warnings |Status |Description       |
+------+------------------+-------+---------+-------+------------------+
|1     |multi_driven_nets |      0|        0|Passed |Multi driven nets |
+------+------------------+-------+---------+-------+------------------+
---------------------------------------------------------------------------------
Finished RTL Optimization Phase 1 : Time (s): cpu = 00:00:01 ; elapsed = 00:00:02 . Memory (MB): peak = 266.797 ; gain = 112.230
---------------------------------------------------------------------------------
Loading clock regions from C:/Xilinx/Vivado/2014.4/data\parts/xilinx/zynq/zynq/xc7z020/ClockRegion.xml
Loading clock buffers from C:/Xilinx/Vivado/2014.4/data\parts/xilinx/zynq/zynq/xc7z020/ClockBuffers.xml
Loading clock placement rules from C:/Xilinx/Vivado/2014.4/data/parts/xilinx/zynq/ClockPlacerRules.xml
Loading package pin functions from C:/Xilinx/Vivado/2014.4/data\parts/xilinx/zynq/PinFunctions.xml...
Loading package from C:/Xilinx/Vivado/2014.4/data\parts/xilinx/zynq/zynq/xc7z020/clg484/Package.xml
Loading io standards from C:/Xilinx/Vivado/2014.4/data\./parts/xilinx/zynq/IOStandards.xml
INFO: [Project 1-570] Preparing netlist for logic optimization

Processing XDC Constraints
Initializing timing engine
Parsing XDC File [C:/Users/bme31/Desktop/shudianshiyan4/project_2/project_2.srcs/constrs_1/new/exp2.xdc]
WARNING: [Vivado 12-584] No ports matched 'AC_BCLK'. [C:/Users/bme31/Desktop/shudianshiyan4/project_2/project_2.srcs/constrs_1/new/exp2.xdc:5]
CRITICAL WARNING: [Common 17-55] 'set_property' expects at least one object. [C:/Users/bme31/Desktop/shudianshiyan4/project_2/project_2.srcs/constrs_1/new/exp2.xdc:5]
Resolution: If [get_<value>] was used to populate the object, check to make sure this comm     and returns at least one valid object.
WARNING: [Vivado 12-584] No ports matched 'AC_MCLK'. [C:/Users/bme31/Desktop/shudianshiyan4/project_2/project_2.srcs/constrs_1/new/exp2.xdc:6]
CRITICAL WARNING: [Common 17-55] 'set_property' expects at least one object. [C:/Users/bme31/Desktop/shudianshiyan4/project_2/project_2.srcs/constrs_1/new/exp2.xdc:6]
Resolution: If [get_<value>] was used to populate the object, check to make sure this comm     and returns at least one valid object.
WARNING: [Vivado 12-584] No ports matched 'AC_MUTEN'. [C:/Users/bme31/Desktop/shudianshiyan4/project_2/project_2.srcs/constrs_1/new/exp2.xdc:7]
CRITICAL WARNING: [Common 17-55] 'set_property' expects at least one object. [C:/Users/bme31/Desktop/shudianshiyan4/project_2/project_2.srcs/constrs_1/new/exp2.xdc:7]
Resolution: If [get_<value>] was used to populate the object, check to make sure this comm     and returns at least one valid object.
WARNING: [Vivado 12-584] No ports matched 'AC_PBDAT'. [C:/Users/bme31/Desktop/shudianshiyan4/project_2/project_2.srcs/constrs_1/new/exp2.xdc:8]
CRITICAL WARNING: [Common 17-55] 'set_property' expects at least one object. [C:/Users/bme31/Desktop/shudianshiyan4/project_2/project_2.srcs/constrs_1/new/exp2.xdc:8]
Resolution: If [get_<value>] was used to populate the object, check to make sure this comm     and returns at least one valid object.
WARNING: [Vivado 12-584] No ports matched 'AC_PBLRC'. [C:/Users/bme31/Desktop/shudianshiyan4/project_2/project_2.srcs/constrs_1/new/exp2.xdc:9]
CRITICAL WARNING: [Common 17-55] 'set_property' expects at least one object. [C:/Users/bme31/Desktop/shudianshiyan4/project_2/project_2.srcs/constrs_1/new/exp2.xdc:9]
Resolution: If [get_<value>] was used to populate the object, check to make sure this comm     and returns at least one valid object.
WARNING: [Vivado 12-584] No ports matched 'AC_RECDAT'. [C:/Users/bme31/Desktop/shudianshiyan4/project_2/project_2.srcs/constrs_1/new/exp2.xdc:10]
CRITICAL WARNING: [Common 17-55] 'set_property' expects at least one object. [C:/Users/bme31/Desktop/shudianshiyan4/project_2/project_2.srcs/constrs_1/new/exp2.xdc:10]
Resolution: If [get_<value>] was used to populate the object, check to make sure this comm     and returns at least one valid object.
WARNING: [Vivado 12-584] No ports matched 'AC_RECLRC'. [C:/Users/bme31/Desktop/shudianshiyan4/project_2/project_2.srcs/constrs_1/new/exp2.xdc:11]
CRITICAL WARNING: [Common 17-55] 'set_property' expects at least one object. [C:/Users/bme31/Desktop/shudianshiyan4/project_2/project_2.srcs/constrs_1/new/exp2.xdc:11]
Resolution: If [get_<value>] was used to populate the object, check to make sure this comm     and returns at least one valid object.
WARNING: [Vivado 12-584] No ports matched 'AC_SCL'. [C:/Users/bme31/Desktop/shudianshiyan4/project_2/project_2.srcs/constrs_1/new/exp2.xdc:12]
CRITICAL WARNING: [Common 17-55] 'set_property' expects at least one object. [C:/Users/bme31/Desktop/shudianshiyan4/project_2/project_2.srcs/constrs_1/new/exp2.xdc:12]
Resolution: If [get_<value>] was used to populate the object, check to make sure this comm     and returns at least one valid object.
WARNING: [Vivado 12-584] No ports matched 'AC_SDA'. [C:/Users/bme31/Desktop/shudianshiyan4/project_2/project_2.srcs/constrs_1/new/exp2.xdc:13]
CRITICAL WARNING: [Common 17-55] 'set_property' expects at least one object. [C:/Users/bme31/Desktop/shudianshiyan4/project_2/project_2.srcs/constrs_1/new/exp2.xdc:13]
Resolution: If [get_<value>] was used to populate the object, check to make sure this comm     and returns at least one valid object.
WARNING: [Vivado 12-584] No ports matched 'ADC_CS'. [C:/Users/bme31/Desktop/shudianshiyan4/project_2/project_2.srcs/constrs_1/new/exp2.xdc:16]
CRITICAL WARNING: [Common 17-55] 'set_property' expects at least one object. [C:/Users/bme31/Desktop/shudianshiyan4/project_2/project_2.srcs/constrs_1/new/exp2.xdc:16]
Resolution: If [get_<value>] was used to populate the object, check to make sure this comm     and returns at least one valid object.
WARNING: [Vivado 12-584] No ports matched 'ADC_SCLK'. [C:/Users/bme31/Desktop/shudianshiyan4/project_2/project_2.srcs/constrs_1/new/exp2.xdc:17]
CRITICAL WARNING: [Common 17-55] 'set_property' expects at least one object. [C:/Users/bme31/Desktop/shudianshiyan4/project_2/project_2.srcs/constrs_1/new/exp2.xdc:17]
Resolution: If [get_<value>] was used to populate the object, check to make sure this comm     and returns at least one valid object.
WARNING: [Vivado 12-584] No ports matched 'ADC_SDI'. [C:/Users/bme31/Desktop/shudianshiyan4/project_2/project_2.srcs/constrs_1/new/exp2.xdc:18]
CRITICAL WARNING: [Common 17-55] 'set_property' expects at least one object. [C:/Users/bme31/Desktop/shudianshiyan4/project_2/project_2.srcs/constrs_1/new/exp2.xdc:18]
Resolution: If [get_<value>] was used to populate the object, check to make sure this comm     and returns at least one valid object.
WARNING: [Vivado 12-584] No ports matched 'ADC_SDO'. [C:/Users/bme31/Desktop/shudianshiyan4/project_2/project_2.srcs/constrs_1/new/exp2.xdc:19]
CRITICAL WARNING: [Common 17-55] 'set_property' expects at least one object. [C:/Users/bme31/Desktop/shudianshiyan4/project_2/project_2.srcs/constrs_1/new/exp2.xdc:19]
Resolution: If [get_<value>] was used to populate the object, check to make sure this comm     and returns at least one valid object.
WARNING: [Vivado 12-584] No ports matched 'BB_S_DIO0'. [C:/Users/bme31/Desktop/shudianshiyan4/project_2/project_2.srcs/constrs_1/new/exp2.xdc:22]
CRITICAL WARNING: [Common 17-55] 'set_property' expects at least one object. [C:/Users/bme31/Desktop/shudianshiyan4/project_2/project_2.srcs/constrs_1/new/exp2.xdc:22]
Resolution: If [get_<value>] was used to populate the object, check to make sure this comm     and returns at least one valid object.
WARNING: [Vivado 12-584] No ports matched 'BB_S_DIO1'. [C:/Users/bme31/Desktop/shudianshiyan4/project_2/project_2.srcs/constrs_1/new/exp2.xdc:23]
CRITICAL WARNING: [Common 17-55] 'set_property' expects at least one object. [C:/Users/bme31/Desktop/shudianshiyan4/project_2/project_2.srcs/constrs_1/new/exp2.xdc:23]
Resolution: If [get_<value>] was used to populate the object, check to make sure this comm     and returns at least one valid object.
WARNING: [Vivado 12-584] No ports matched 'BB_S_DIO2'. [C:/Users/bme31/Desktop/shudianshiyan4/project_2/project_2.srcs/constrs_1/new/exp2.xdc:24]
CRITICAL WARNING: [Common 17-55] 'set_property' expects at least one object. [C:/Users/bme31/Desktop/shudianshiyan4/project_2/project_2.srcs/constrs_1/new/exp2.xdc:24]
Resolution: If [get_<value>] was used to populate the object, check to make sure this comm     and returns at least one valid object.
WARNING: [Vivado 12-584] No ports matched 'BB_S_DIO3'. [C:/Users/bme31/Desktop/shudianshiyan4/project_2/project_2.srcs/constrs_1/new/exp2.xdc:25]
CRITICAL WARNING: [Common 17-55] 'set_property' expects at least one object. [C:/Users/bme31/Desktop/shudianshiyan4/project_2/project_2.srcs/constrs_1/new/exp2.xdc:25]
Resolution: If [get_<value>] was used to populate the object, check to make sure this comm     and returns at least one valid object.
WARNING: [Vivado 12-584] No ports matched 'BB_S_DIO4'. [C:/Users/bme31/Desktop/shudianshiyan4/project_2/project_2.srcs/constrs_1/new/exp2.xdc:26]
CRITICAL WARNING: [Common 17-55] 'set_property' expects at least one object. [C:/Users/bme31/Desktop/shudianshiyan4/project_2/project_2.srcs/constrs_1/new/exp2.xdc:26]
Resolution: If [get_<value>] was used to populate the object, check to make sure this comm     and returns at least one valid object.
WARNING: [Vivado 12-584] No ports matched 'BB_S_DIO5'. [C:/Users/bme31/Desktop/shudianshiyan4/project_2/project_2.srcs/constrs_1/new/exp2.xdc:27]
CRITICAL WARNING: [Common 17-55] 'set_property' expects at least one object. [C:/Users/bme31/Desktop/shudianshiyan4/project_2/project_2.srcs/constrs_1/new/exp2.xdc:27]
Resolution: If [get_<value>] was used to populate the object, check to make sure this comm     and returns at least one valid object.
WARNING: [Vivado 12-584] No ports matched 'BB_S_DIO6'. [C:/Users/bme31/Desktop/shudianshiyan4/project_2/project_2.srcs/constrs_1/new/exp2.xdc:28]
CRITICAL WARNING: [Common 17-55] 'set_property' expects at least one object. [C:/Users/bme31/Desktop/shudianshiyan4/project_2/project_2.srcs/constrs_1/new/exp2.xdc:28]
Resolution: If [get_<value>] was used to populate the object, check to make sure this comm     and returns at least one valid object.
WARNING: [Vivado 12-584] No ports matched 'BB_S_DIO7'. [C:/Users/bme31/Desktop/shudianshiyan4/project_2/project_2.srcs/constrs_1/new/exp2.xdc:29]
CRITICAL WARNING: [Common 17-55] 'set_property' expects at least one object. [C:/Users/bme31/Desktop/shudianshiyan4/project_2/project_2.srcs/constrs_1/new/exp2.xdc:29]
Resolution: If [get_<value>] was used to populate the object, check to make sure this comm     and returns at least one valid object.
WARNING: [Vivado 12-584] No ports matched 'BTN1'. [C:/Users/bme31/Desktop/shudianshiyan4/project_2/project_2.srcs/constrs_1/new/exp2.xdc:33]
CRITICAL WARNING: [Common 17-55] 'set_property' expects at least one object. [C:/Users/bme31/Desktop/shudianshiyan4/project_2/project_2.srcs/constrs_1/new/exp2.xdc:33]
Resolution: If [get_<value>] was used to populate the object, check to make sure this comm     and returns at least one valid object.
WARNING: [Vivado 12-584] No ports matched 'BTN2'. [C:/Users/bme31/Desktop/shudianshiyan4/project_2/project_2.srcs/constrs_1/new/exp2.xdc:34]
CRITICAL WARNING: [Common 17-55] 'set_property' expects at least one object. [C:/Users/bme31/Desktop/shudianshiyan4/project_2/project_2.srcs/constrs_1/new/exp2.xdc:34]
Resolution: If [get_<value>] was used to populate the object, check to make sure this comm     and returns at least one valid object.
WARNING: [Vivado 12-584] No ports matched 'BTN3'. [C:/Users/bme31/Desktop/shudianshiyan4/project_2/project_2.srcs/constrs_1/new/exp2.xdc:35]
CRITICAL WARNING: [Common 17-55] 'set_property' expects at least one object. [C:/Users/bme31/Desktop/shudianshiyan4/project_2/project_2.srcs/constrs_1/new/exp2.xdc:35]
Resolution: If [get_<value>] was used to populate the object, check to make sure this comm     and returns at least one valid object.
WARNING: [Vivado 12-584] No ports matched 'POWER_RESET'. [C:/Users/bme31/Desktop/shudianshiyan4/project_2/project_2.srcs/constrs_1/new/exp2.xdc:38]
CRITICAL WARNING: [Common 17-55] 'set_property' expects at least one object. [C:/Users/bme31/Desktop/shudianshiyan4/project_2/project_2.srcs/constrs_1/new/exp2.xdc:38]
Resolution: If [get_<value>] was used to populate the object, check to make sure this comm     and returns at least one valid object.
WARNING: [Vivado 12-584] No ports matched 'CRYPTO_SDA'. [C:/Users/bme31/Desktop/shudianshiyan4/project_2/project_2.srcs/constrs_1/new/exp2.xdc:41]
CRITICAL WARNING: [Common 17-55] 'set_property' expects at least one object. [C:/Users/bme31/Desktop/shudianshiyan4/project_2/project_2.srcs/constrs_1/new/exp2.xdc:41]
Resolution: If [get_<value>] was used to populate the object, check to make sure this comm     and returns at least one valid object.
WARNING: [Vivado 12-584] No ports matched 'DAC_DIN_B'. [C:/Users/bme31/Desktop/shudianshiyan4/project_2/project_2.srcs/constrs_1/new/exp2.xdc:44]
CRITICAL WARNING: [Common 17-55] 'set_property' expects at least one object. [C:/Users/bme31/Desktop/shudianshiyan4/project_2/project_2.srcs/constrs_1/new/exp2.xdc:44]
Resolution: If [get_<value>] was used to populate the object, check to make sure this comm     and returns at least one valid object.
WARNING: [Vivado 12-584] No ports matched 'DAC_LDAC_B'. [C:/Users/bme31/Desktop/shudianshiyan4/project_2/project_2.srcs/constrs_1/new/exp2.xdc:45]
CRITICAL WARNING: [Common 17-55] 'set_property' expects at least one object. [C:/Users/bme31/Desktop/shudianshiyan4/project_2/project_2.srcs/constrs_1/new/exp2.xdc:45]
Resolution: If [get_<value>] was used to populate the object, check to make sure this comm     and returns at least one valid object.
WARNING: [Vivado 12-584] No ports matched 'DAC_SCLK_B'. [C:/Users/bme31/Desktop/shudianshiyan4/project_2/project_2.srcs/constrs_1/new/exp2.xdc:46]
CRITICAL WARNING: [Common 17-55] 'set_property' expects at least one object. [C:/Users/bme31/Desktop/shudianshiyan4/project_2/project_2.srcs/constrs_1/new/exp2.xdc:46]
Resolution: If [get_<value>] was used to populate the object, check to make sure this comm     and returns at least one valid object.
WARNING: [Vivado 12-584] No ports matched 'DAC_SYNC_B'. [C:/Users/bme31/Desktop/shudianshiyan4/project_2/project_2.srcs/constrs_1/new/exp2.xdc:47]
CRITICAL WARNING: [Common 17-55] 'set_property' expects at least one object. [C:/Users/bme31/Desktop/shudianshiyan4/project_2/project_2.srcs/constrs_1/new/exp2.xdc:47]
Resolution: If [get_<value>] was used to populate the object, check to make sure this comm     and returns at least one valid object.
WARNING: [Vivado 12-584] No ports matched 'ETH_INT_B'. [C:/Users/bme31/Desktop/shudianshiyan4/project_2/project_2.srcs/constrs_1/new/exp2.xdc:50]
CRITICAL WARNING: [Common 17-55] 'set_property' expects at least one object. [C:/Users/bme31/Desktop/shudianshiyan4/project_2/project_2.srcs/constrs_1/new/exp2.xdc:50]
Resolution: If [get_<value>] was used to populate the object, check to make sure this comm     and returns at least one valid object.
WARNING: [Vivado 12-584] No ports matched 'ETH_RST_B'. [C:/Users/bme31/Desktop/shudianshiyan4/project_2/project_2.srcs/constrs_1/new/exp2.xdc:51]
CRITICAL WARNING: [Common 17-55] 'set_property' expects at least one object. [C:/Users/bme31/Desktop/shudianshiyan4/project_2/project_2.srcs/constrs_1/new/exp2.xdc:51]
Resolution: If [get_<value>] was used to populate the object, check to make sure this comm     and returns at least one valid object.
WARNING: [Vivado 12-584] No ports matched 'HDMI_CEC'. [C:/Users/bme31/Desktop/shudianshiyan4/project_2/project_2.srcs/constrs_1/new/exp2.xdc:54]
CRITICAL WARNING: [Common 17-55] 'set_property' expects at least one object. [C:/Users/bme31/Desktop/shudianshiyan4/project_2/project_2.srcs/constrs_1/new/exp2.xdc:54]
Resolution: If [get_<value>] was used to populate the object, check to make sure this comm     and returns at least one valid object.
WARNING: [Vivado 12-584] No ports matched 'HDMI_CLK_N'. [C:/Users/bme31/Desktop/shudianshiyan4/project_2/project_2.srcs/constrs_1/new/exp2.xdc:55]
CRITICAL WARNING: [Common 17-55] 'set_property' expects at least one object. [C:/Users/bme31/Desktop/shudianshiyan4/project_2/project_2.srcs/constrs_1/new/exp2.xdc:55]
Resolution: If [get_<value>] was used to populate the object, check to make sure this comm     and returns at least one valid object.
WARNING: [Vivado 12-584] No ports matched 'HDMI_CLK_P'. [C:/Users/bme31/Desktop/shudianshiyan4/project_2/project_2.srcs/constrs_1/new/exp2.xdc:56]
CRITICAL WARNING: [Common 17-55] 'set_property' expects at least one object. [C:/Users/bme31/Desktop/shudianshiyan4/project_2/project_2.srcs/constrs_1/new/exp2.xdc:56]
Resolution: If [get_<value>] was used to populate the object, check to make sure this comm     and returns at least one valid object.
WARNING: [Vivado 12-584] No ports matched 'HDMI_D_N0'. [C:/Users/bme31/Desktop/shudianshiyan4/project_2/project_2.srcs/constrs_1/new/exp2.xdc:57]
CRITICAL WARNING: [Common 17-55] 'set_property' expects at least one object. [C:/Users/bme31/Desktop/shudianshiyan4/project_2/project_2.srcs/constrs_1/new/exp2.xdc:57]
Resolution: If [get_<value>] was used to populate the object, check to make sure this comm     and returns at least one valid object.
WARNING: [Vivado 12-584] No ports matched 'HDMI_D_P0'. [C:/Users/bme31/Desktop/shudianshiyan4/project_2/project_2.srcs/constrs_1/new/exp2.xdc:58]
CRITICAL WARNING: [Common 17-55] 'set_property' expects at least one object. [C:/Users/bme31/Desktop/shudianshiyan4/project_2/project_2.srcs/constrs_1/new/exp2.xdc:58]
Resolution: If [get_<value>] was used to populate the object, check to make sure this comm     and returns at least one valid object.
WARNING: [Vivado 12-584] No ports matched 'HDMI_D_N1'. [C:/Users/bme31/Desktop/shudianshiyan4/project_2/project_2.srcs/constrs_1/new/exp2.xdc:59]
CRITICAL WARNING: [Common 17-55] 'set_property' expects at least one object. [C:/Users/bme31/Desktop/shudianshiyan4/project_2/project_2.srcs/constrs_1/new/exp2.xdc:59]
Resolution: If [get_<value>] was used to populate the object, check to make sure this comm     and returns at least one valid object.
WARNING: [Vivado 12-584] No ports matched 'HDMI_D_P1'. [C:/Users/bme31/Desktop/shudianshiyan4/project_2/project_2.srcs/constrs_1/new/exp2.xdc:60]
CRITICAL WARNING: [Common 17-55] 'set_property' expects at least one object. [C:/Users/bme31/Desktop/shudianshiyan4/project_2/project_2.srcs/constrs_1/new/exp2.xdc:60]
Resolution: If [get_<value>] was used to populate the object, check to make sure this comm     and returns at least one valid object.
WARNING: [Vivado 12-584] No ports matched 'HDMI_D_N2'. [C:/Users/bme31/Desktop/shudianshiyan4/project_2/project_2.srcs/constrs_1/new/exp2.xdc:61]
CRITICAL WARNING: [Common 17-55] 'set_property' expects at least one object. [C:/Users/bme31/Desktop/shudianshiyan4/project_2/project_2.srcs/constrs_1/new/exp2.xdc:61]
Resolution: If [get_<value>] was used to populate the object, check to make sure this comm     and returns at least one valid object.
WARNING: [Vivado 12-584] No ports matched 'HDMI_D_P2'. [C:/Users/bme31/Desktop/shudianshiyan4/project_2/project_2.srcs/constrs_1/new/exp2.xdc:62]
CRITICAL WARNING: [Common 17-55] 'set_property' expects at least one object. [C:/Users/bme31/Desktop/shudianshiyan4/project_2/project_2.srcs/constrs_1/new/exp2.xdc:62]
Resolution: If [get_<value>] was used to populate the object, check to make sure this comm     and returns at least one valid object.
WARNING: [Vivado 12-584] No ports matched 'HDMI_HPD'. [C:/Users/bme31/Desktop/shudianshiyan4/project_2/project_2.srcs/constrs_1/new/exp2.xdc:63]
CRITICAL WARNING: [Common 17-55] 'set_property' expects at least one object. [C:/Users/bme31/Desktop/shudianshiyan4/project_2/project_2.srcs/constrs_1/new/exp2.xdc:63]
Resolution: If [get_<value>] was used to populate the object, check to make sure this comm     and returns at least one valid object.
WARNING: [Vivado 12-584] No ports matched 'HDMI_OUT_EN'. [C:/Users/bme31/Desktop/shudianshiyan4/project_2/project_2.srcs/constrs_1/new/exp2.xdc:64]
CRITICAL WARNING: [Common 17-55] 'set_property' expects at least one object. [C:/Users/bme31/Desktop/shudianshiyan4/project_2/project_2.srcs/constrs_1/new/exp2.xdc:64]
Resolution: If [get_<value>] was used to populate the object, check to make sure this comm     and returns at least one valid object.
WARNING: [Vivado 12-584] No ports matched 'HDMI_SCL'. [C:/Users/bme31/Desktop/shudianshiyan4/project_2/project_2.srcs/constrs_1/new/exp2.xdc:65]
CRITICAL WARNING: [Common 17-55] 'set_property' expects at least one object. [C:/Users/bme31/Desktop/shudianshiyan4/project_2/project_2.srcs/constrs_1/new/exp2.xdc:65]
Resolution: If [get_<value>] was used to populate the object, check to make sure this comm     and returns at least one valid object.
WARNING: [Vivado 12-584] No ports matched 'HDMI_SDA'. [C:/Users/bme31/Desktop/shudianshiyan4/project_2/project_2.srcs/constrs_1/new/exp2.xdc:66]
CRITICAL WARNING: [Common 17-55] 'set_property' expects at least one object. [C:/Users/bme31/Desktop/shudianshiyan4/project_2/project_2.srcs/constrs_1/new/exp2.xdc:66]
Resolution: If [get_<value>] was used to populate the object, check to make sure this comm     and returns at least one valid object.
WARNING: [Vivado 12-584] No ports matched 'LED0'. [C:/Users/bme31/Desktop/shudianshiyan4/project_2/project_2.srcs/constrs_1/new/exp2.xdc:69]
CRITICAL WARNING: [Common 17-55] 'set_property' expects at least one object. [C:/Users/bme31/Desktop/shudianshiyan4/project_2/project_2.srcs/constrs_1/new/exp2.xdc:69]
Resolution: If [get_<value>] was used to populate the object, check to make sure this comm     and returns at least one valid object.
WARNING: [Vivado 12-584] No ports matched 'LED1'. [C:/Users/bme31/Desktop/shudianshiyan4/project_2/project_2.srcs/constrs_1/new/exp2.xdc:70]
CRITICAL WARNING: [Common 17-55] 'set_property' expects at least one object. [C:/Users/bme31/Desktop/shudianshiyan4/project_2/project_2.srcs/constrs_1/new/exp2.xdc:70]
Resolution: If [get_<value>] was used to populate the object, check to make sure this comm     and returns at least one valid object.
WARNING: [Vivado 12-584] No ports matched 'LED2'. [C:/Users/bme31/Desktop/shudianshiyan4/project_2/project_2.srcs/constrs_1/new/exp2.xdc:71]
CRITICAL WARNING: [Common 17-55] 'set_property' expects at least one object. [C:/Users/bme31/Desktop/shudianshiyan4/project_2/project_2.srcs/constrs_1/new/exp2.xdc:71]
Resolution: If [get_<value>] was used to populate the object, check to make sure this comm     and returns at least one valid object.
WARNING: [Vivado 12-584] No ports matched 'LED3'. [C:/Users/bme31/Desktop/shudianshiyan4/project_2/project_2.srcs/constrs_1/new/exp2.xdc:72]
CRITICAL WARNING: [Common 17-55] 'set_property' expects at least one object. [C:/Users/bme31/Desktop/shudianshiyan4/project_2/project_2.srcs/constrs_1/new/exp2.xdc:72]
Resolution: If [get_<value>] was used to populate the object, check to make sure this comm     and returns at least one valid object.
WARNING: [Vivado 12-584] No ports matched 'LED4'. [C:/Users/bme31/Desktop/shudianshiyan4/project_2/project_2.srcs/constrs_1/new/exp2.xdc:73]
CRITICAL WARNING: [Common 17-55] 'set_property' expects at least one object. [C:/Users/bme31/Desktop/shudianshiyan4/project_2/project_2.srcs/constrs_1/new/exp2.xdc:73]
Resolution: If [get_<value>] was used to populate the object, check to make sure this comm     and returns at least one valid object.
WARNING: [Vivado 12-584] No ports matched 'LED5'. [C:/Users/bme31/Desktop/shudianshiyan4/project_2/project_2.srcs/constrs_1/new/exp2.xdc:74]
CRITICAL WARNING: [Common 17-55] 'set_property' expects at least one object. [C:/Users/bme31/Desktop/shudianshiyan4/project_2/project_2.srcs/constrs_1/new/exp2.xdc:74]
Resolution: If [get_<value>] was used to populate the object, check to make sure this comm     and returns at least one valid object.
WARNING: [Vivado 12-584] No ports matched 'LED6'. [C:/Users/bme31/Desktop/shudianshiyan4/project_2/project_2.srcs/constrs_1/new/exp2.xdc:75]
CRITICAL WARNING: [Common 17-55] 'set_property' expects at least one object. [C:/Users/bme31/Desktop/shudianshiyan4/project_2/project_2.srcs/constrs_1/new/exp2.xdc:75]
Resolution: If [get_<value>] was used to populate the object, check to make sure this comm     and returns at least one valid object.
WARNING: [Vivado 12-584] No ports matched 'LED7'. [C:/Users/bme31/Desktop/shudianshiyan4/project_2/project_2.srcs/constrs_1/new/exp2.xdc:76]
CRITICAL WARNING: [Common 17-55] 'set_property' expects at least one object. [C:/Users/bme31/Desktop/shudianshiyan4/project_2/project_2.srcs/constrs_1/new/exp2.xdc:76]
Resolution: If [get_<value>] was used to populate the object, check to make sure this comm     and returns at least one valid object.
WARNING: [Vivado 12-584] No ports matched 'OLED_DC'. [C:/Users/bme31/Desktop/shudianshiyan4/project_2/project_2.srcs/constrs_1/new/exp2.xdc:79]
CRITICAL WARNING: [Common 17-55] 'set_property' expects at least one object. [C:/Users/bme31/Desktop/shudianshiyan4/project_2/project_2.srcs/constrs_1/new/exp2.xdc:79]
Resolution: If [get_<value>] was used to populate the object, check to make sure this comm     and returns at least one valid object.
WARNING: [Vivado 12-584] No ports matched 'OLED_RES'. [C:/Users/bme31/Desktop/shudianshiyan4/project_2/project_2.srcs/constrs_1/new/exp2.xdc:80]
CRITICAL WARNING: [Common 17-55] 'set_property' expects at least one object. [C:/Users/bme31/Desktop/shudianshiyan4/project_2/project_2.srcs/constrs_1/new/exp2.xdc:80]
Resolution: If [get_<value>] was used to populate the object, check to make sure this comm     and returns at least one valid object.
WARNING: [Vivado 12-584] No ports matched 'OLED_SCLK'. [C:/Users/bme31/Desktop/shudianshiyan4/project_2/project_2.srcs/constrs_1/new/exp2.xdc:81]
CRITICAL WARNING: [Common 17-55] 'set_property' expects at least one object. [C:/Users/bme31/Desktop/shudianshiyan4/project_2/project_2.srcs/constrs_1/new/exp2.xdc:81]
Resolution: If [get_<value>] was used to populate the object, check to make sure this comm     and returns at least one valid object.
WARNING: [Vivado 12-584] No ports matched 'OLED_SDIN'. [C:/Users/bme31/Desktop/shudianshiyan4/project_2/project_2.srcs/constrs_1/new/exp2.xdc:82]
CRITICAL WARNING: [Common 17-55] 'set_property' expects at least one object. [C:/Users/bme31/Desktop/shudianshiyan4/project_2/project_2.srcs/constrs_1/new/exp2.xdc:82]
Resolution: If [get_<value>] was used to populate the object, check to make sure this comm     and returns at least one valid object.
WARNING: [Vivado 12-584] No ports matched 'OLED_VBAT'. [C:/Users/bme31/Desktop/shudianshiyan4/project_2/project_2.srcs/constrs_1/new/exp2.xdc:83]
CRITICAL WARNING: [Common 17-55] 'set_property' expects at least one object. [C:/Users/bme31/Desktop/shudianshiyan4/project_2/project_2.srcs/constrs_1/new/exp2.xdc:83]
Resolution: If [get_<value>] was used to populate the object, check to make sure this comm     and returns at least one valid object.
WARNING: [Vivado 12-584] No ports matched 'OLED_VDD'. [C:/Users/bme31/Desktop/shudianshiyan4/project_2/project_2.srcs/constrs_1/new/exp2.xdc:84]
CRITICAL WARNING: [Common 17-55] 'set_property' expects at least one object. [C:/Users/bme31/Desktop/shudianshiyan4/project_2/project_2.srcs/constrs_1/new/exp2.xdc:84]
Resolution: If [get_<value>] was used to populate the object, check to make sure this comm     and returns at least one valid object.
WARNING: [Vivado 12-584] No ports matched 'PBC_DIO0'. [C:/Users/bme31/Desktop/shudianshiyan4/project_2/project_2.srcs/constrs_1/new/exp2.xdc:87]
CRITICAL WARNING: [Common 17-55] 'set_property' expects at least one object. [C:/Users/bme31/Desktop/shudianshiyan4/project_2/project_2.srcs/constrs_1/new/exp2.xdc:87]
Resolution: If [get_<value>] was used to populate the object, check to make sure this comm     and returns at least one valid object.
WARNING: [Vivado 12-584] No ports matched 'PBC_DIO1'. [C:/Users/bme31/Desktop/shudianshiyan4/project_2/project_2.srcs/constrs_1/new/exp2.xdc:88]
CRITICAL WARNING: [Common 17-55] 'set_property' expects at least one object. [C:/Users/bme31/Desktop/shudianshiyan4/project_2/project_2.srcs/constrs_1/new/exp2.xdc:88]
Resolution: If [get_<value>] was used to populate the object, check to make sure this comm     and returns at least one valid object.
WARNING: [Vivado 12-584] No ports matched 'PBC_DIO2'. [C:/Users/bme31/Desktop/shudianshiyan4/project_2/project_2.srcs/constrs_1/new/exp2.xdc:89]
CRITICAL WARNING: [Common 17-55] 'set_property' expects at least one object. [C:/Users/bme31/Desktop/shudianshiyan4/project_2/project_2.srcs/constrs_1/new/exp2.xdc:89]
Resolution: If [get_<value>] was used to populate the object, check to make sure this comm     and returns at least one valid object.
WARNING: [Vivado 12-584] No ports matched 'PBC_DIO3'. [C:/Users/bme31/Desktop/shudianshiyan4/project_2/project_2.srcs/constrs_1/new/exp2.xdc:90]
CRITICAL WARNING: [Common 17-55] 'set_property' expects at least one object. [C:/Users/bme31/Desktop/shudianshiyan4/project_2/project_2.srcs/constrs_1/new/exp2.xdc:90]
Resolution: If [get_<value>] was used to populate the object, check to make sure this comm     and returns at least one valid object.
WARNING: [Vivado 12-584] No ports matched 'PBC_DIO4'. [C:/Users/bme31/Desktop/shudianshiyan4/project_2/project_2.srcs/constrs_1/new/exp2.xdc:91]
CRITICAL WARNING: [Common 17-55] 'set_property' expects at least one object. [C:/Users/bme31/Desktop/shudianshiyan4/project_2/project_2.srcs/constrs_1/new/exp2.xdc:91]
Resolution: If [get_<value>] was used to populate the object, check to make sure this comm     and returns at least one valid object.
WARNING: [Vivado 12-584] No ports matched 'PBC_DIO5'. [C:/Users/bme31/Desktop/shudianshiyan4/project_2/project_2.srcs/constrs_1/new/exp2.xdc:92]
CRITICAL WARNING: [Common 17-55] 'set_property' expects at least one object. [C:/Users/bme31/Desktop/shudianshiyan4/project_2/project_2.srcs/constrs_1/new/exp2.xdc:92]
Resolution: If [get_<value>] was used to populate the object, check to make sure this comm     and returns at least one valid object.
WARNING: [Vivado 12-584] No ports matched 'PBC_DIO6'. [C:/Users/bme31/Desktop/shudianshiyan4/project_2/project_2.srcs/constrs_1/new/exp2.xdc:93]
CRITICAL WARNING: [Common 17-55] 'set_property' expects at least one object. [C:/Users/bme31/Desktop/shudianshiyan4/project_2/project_2.srcs/constrs_1/new/exp2.xdc:93]
Resolution: If [get_<value>] was used to populate the object, check to make sure this comm     and returns at least one valid object.
WARNING: [Vivado 12-584] No ports matched 'PBC_DIO7'. [C:/Users/bme31/Desktop/shudianshiyan4/project_2/project_2.srcs/constrs_1/new/exp2.xdc:94]
CRITICAL WARNING: [Common 17-55] 'set_property' expects at least one object. [C:/Users/bme31/Desktop/shudianshiyan4/project_2/project_2.srcs/constrs_1/new/exp2.xdc:94]
Resolution: If [get_<value>] was used to populate the object, check to make sure this comm     and returns at least one valid object.
WARNING: [Vivado 12-584] No ports matched 'PBC_DIO8'. [C:/Users/bme31/Desktop/shudianshiyan4/project_2/project_2.srcs/constrs_1/new/exp2.xdc:95]
CRITICAL WARNING: [Common 17-55] 'set_property' expects at least one object. [C:/Users/bme31/Desktop/shudianshiyan4/project_2/project_2.srcs/constrs_1/new/exp2.xdc:95]
Resolution: If [get_<value>] was used to populate the object, check to make sure this comm     and returns at least one valid object.
WARNING: [Vivado 12-584] No ports matched 'PBC_DIO9'. [C:/Users/bme31/Desktop/shudianshiyan4/project_2/project_2.srcs/constrs_1/new/exp2.xdc:96]
CRITICAL WARNING: [Common 17-55] 'set_property' expects at least one object. [C:/Users/bme31/Desktop/shudianshiyan4/project_2/project_2.srcs/constrs_1/new/exp2.xdc:96]
Resolution: If [get_<value>] was used to populate the object, check to make sure this comm     and returns at least one valid object.
WARNING: [Vivado 12-584] No ports matched 'PBC_DIO10'. [C:/Users/bme31/Desktop/shudianshiyan4/project_2/project_2.srcs/constrs_1/new/exp2.xdc:97]
CRITICAL WARNING: [Common 17-55] 'set_property' expects at least one object. [C:/Users/bme31/Desktop/shudianshiyan4/project_2/project_2.srcs/constrs_1/new/exp2.xdc:97]
Resolution: If [get_<value>] was used to populate the object, check to make sure this comm     and returns at least one valid object.
WARNING: [Vivado 12-584] No ports matched 'PBC_DIO11'. [C:/Users/bme31/Desktop/shudianshiyan4/project_2/project_2.srcs/constrs_1/new/exp2.xdc:98]
CRITICAL WARNING: [Common 17-55] 'set_property' expects at least one object. [C:/Users/bme31/Desktop/shudianshiyan4/project_2/project_2.srcs/constrs_1/new/exp2.xdc:98]
Resolution: If [get_<value>] was used to populate the object, check to make sure this comm     and returns at least one valid object.
WARNING: [Vivado 12-584] No ports matched 'PBC_DIO12'. [C:/Users/bme31/Desktop/shudianshiyan4/project_2/project_2.srcs/constrs_1/new/exp2.xdc:99]
CRITICAL WARNING: [Common 17-55] 'set_property' expects at least one object. [C:/Users/bme31/Desktop/shudianshiyan4/project_2/project_2.srcs/constrs_1/new/exp2.xdc:99]
Resolution: If [get_<value>] was used to populate the object, check to make sure this comm     and returns at least one valid object.
WARNING: [Vivado 12-584] No ports matched 'PBC_DIO13'. [C:/Users/bme31/Desktop/shudianshiyan4/project_2/project_2.srcs/constrs_1/new/exp2.xdc:100]
CRITICAL WARNING: [Common 17-55] 'set_property' expects at least one object. [C:/Users/bme31/Desktop/shudianshiyan4/project_2/project_2.srcs/constrs_1/new/exp2.xdc:100]
Resolution: If [get_<value>] was used to populate the object, check to make sure this comm     and returns at least one valid object.
WARNING: [Vivado 12-584] No ports matched 'PBC_DIO14'. [C:/Users/bme31/Desktop/shudianshiyan4/project_2/project_2.srcs/constrs_1/new/exp2.xdc:101]
CRITICAL WARNING: [Common 17-55] 'set_property' expects at least one object. [C:/Users/bme31/Desktop/shudianshiyan4/project_2/project_2.srcs/constrs_1/new/exp2.xdc:101]
Resolution: If [get_<value>] was used to populate the object, check to make sure this comm     and returns at least one valid object.
WARNING: [Vivado 12-584] No ports matched 'PBC_DIO15'. [C:/Users/bme31/Desktop/shudianshiyan4/project_2/project_2.srcs/constrs_1/new/exp2.xdc:102]
CRITICAL WARNING: [Common 17-55] 'set_property' expects at least one object. [C:/Users/bme31/Desktop/shudianshiyan4/project_2/project_2.srcs/constrs_1/new/exp2.xdc:102]
Resolution: If [get_<value>] was used to populate the object, check to make sure this comm     and returns at least one valid object.
WARNING: [Vivado 12-584] No ports matched 'PBC_PFI_8'. [C:/Users/bme31/Desktop/shudianshiyan4/project_2/project_2.srcs/constrs_1/new/exp2.xdc:103]
CRITICAL WARNING: [Common 17-55] 'set_property' expects at least one object. [C:/Users/bme31/Desktop/shudianshiyan4/project_2/project_2.srcs/constrs_1/new/exp2.xdc:103]
Resolution: If [get_<value>] was used to populate the object, check to make sure this comm     and returns at least one valid object.
WARNING: [Vivado 12-584] No ports matched 'PBC_PFI_9'. [C:/Users/bme31/Desktop/shudianshiyan4/project_2/project_2.srcs/constrs_1/new/exp2.xdc:104]
CRITICAL WARNING: [Common 17-55] 'set_property' expects at least one object. [C:/Users/bme31/Desktop/shudianshiyan4/project_2/project_2.srcs/constrs_1/new/exp2.xdc:104]
Resolution: If [get_<value>] was used to populate the object, check to make sure this comm     and returns at least one valid object.
WARNING: [Vivado 12-584] No ports matched 'PBC_PFI_12'. [C:/Users/bme31/Desktop/shudianshiyan4/project_2/project_2.srcs/constrs_1/new/exp2.xdc:105]
CRITICAL WARNING: [Common 17-55] 'set_property' expects at least one object. [C:/Users/bme31/Desktop/shudianshiyan4/project_2/project_2.srcs/constrs_1/new/exp2.xdc:105]
Resolution: If [get_<value>] was used to populate the object, check to make sure this comm     and returns at least one valid object.
WARNING: [Vivado 12-584] No ports matched 'PS2_CLK0'. [C:/Users/bme31/Desktop/shudianshiyan4/project_2/project_2.srcs/constrs_1/new/exp2.xdc:108]
CRITICAL WARNING: [Common 17-55] 'set_property' expects at least one object. [C:/Users/bme31/Desktop/shudianshiyan4/project_2/project_2.srcs/constrs_1/new/exp2.xdc:108]
Resolution: If [get_<value>] was used to populate the object, check to make sure this comm     and returns at least one valid object.
WARNING: [Vivado 12-584] No ports matched 'PS2_DATA0'. [C:/Users/bme31/Desktop/shudianshiyan4/project_2/project_2.srcs/constrs_1/new/exp2.xdc:109]
CRITICAL WARNING: [Common 17-55] 'set_property' expects at least one object. [C:/Users/bme31/Desktop/shudianshiyan4/project_2/project_2.srcs/constrs_1/new/exp2.xdc:109]
Resolution: If [get_<value>] was used to populate the object, check to make sure this comm     and returns at least one valid object.
WARNING: [Vivado 12-584] No ports matched 'PS2_CLK1'. [C:/Users/bme31/Desktop/shudianshiyan4/project_2/project_2.srcs/constrs_1/new/exp2.xdc:110]
CRITICAL WARNING: [Common 17-55] 'set_property' expects at least one object. [C:/Users/bme31/Desktop/shudianshiyan4/project_2/project_2.srcs/constrs_1/new/exp2.xdc:110]
Resolution: If [get_<value>] was used to populate the object, check to make sure this comm     and returns at least one valid object.
WARNING: [Vivado 12-584] No ports matched 'PS2_DATA1'. [C:/Users/bme31/Desktop/shudianshiyan4/project_2/project_2.srcs/constrs_1/new/exp2.xdc:111]
CRITICAL WARNING: [Common 17-55] 'set_property' expects at least one object. [C:/Users/bme31/Desktop/shudianshiyan4/project_2/project_2.srcs/constrs_1/new/exp2.xdc:111]
Resolution: If [get_<value>] was used to populate the object, check to make sure this comm     and returns at least one valid object.
WARNING: [Vivado 12-584] No ports matched 'MXP_DIO0'. [C:/Users/bme31/Desktop/shudianshiyan4/project_2/project_2.srcs/constrs_1/new/exp2.xdc:114]
CRITICAL WARNING: [Common 17-55] 'set_property' expects at least one object. [C:/Users/bme31/Desktop/shudianshiyan4/project_2/project_2.srcs/constrs_1/new/exp2.xdc:114]
Resolution: If [get_<value>] was used to populate the object, check to make sure this comm     and returns at least one valid object.
WARNING: [Vivado 12-584] No ports matched 'MXP_DIO1'. [C:/Users/bme31/Desktop/shudianshiyan4/project_2/project_2.srcs/constrs_1/new/exp2.xdc:115]
CRITICAL WARNING: [Common 17-55] 'set_property' expects at least one object. [C:/Users/bme31/Desktop/shudianshiyan4/project_2/project_2.srcs/constrs_1/new/exp2.xdc:115]
Resolution: If [get_<value>] was used to populate the object, check to make sure this comm     and returns at least one valid object.
WARNING: [Vivado 12-584] No ports matched 'MXP_DIO2'. [C:/Users/bme31/Desktop/shudianshiyan4/project_2/project_2.srcs/constrs_1/new/exp2.xdc:116]
CRITICAL WARNING: [Common 17-55] 'set_property' expects at least one object. [C:/Users/bme31/Desktop/shudianshiyan4/project_2/project_2.srcs/constrs_1/new/exp2.xdc:116]
Resolution: If [get_<value>] was used to populate the object, check to make sure this comm     and returns at least one valid object.
WARNING: [Vivado 12-584] No ports matched 'MXP_DIO3'. [C:/Users/bme31/Desktop/shudianshiyan4/project_2/project_2.srcs/constrs_1/new/exp2.xdc:117]
CRITICAL WARNING: [Common 17-55] 'set_property' expects at least one object. [C:/Users/bme31/Desktop/shudianshiyan4/project_2/project_2.srcs/constrs_1/new/exp2.xdc:117]
Resolution: If [get_<value>] was used to populate the object, check to make sure this comm     and returns at least one valid object.
WARNING: [Vivado 12-584] No ports matched 'MXP_DIO4'. [C:/Users/bme31/Desktop/shudianshiyan4/project_2/project_2.srcs/constrs_1/new/exp2.xdc:118]
CRITICAL WARNING: [Common 17-55] 'set_property' expects at least one object. [C:/Users/bme31/Desktop/shudianshiyan4/project_2/project_2.srcs/constrs_1/new/exp2.xdc:118]
Resolution: If [get_<value>] was used to populate the object, check to make sure this comm     and returns at least one valid object.
WARNING: [Vivado 12-584] No ports matched 'MXP_DIO5'. [C:/Users/bme31/Desktop/shudianshiyan4/project_2/project_2.srcs/constrs_1/new/exp2.xdc:119]
CRITICAL WARNING: [Common 17-55] 'set_property' expects at least one object. [C:/Users/bme31/Desktop/shudianshiyan4/project_2/project_2.srcs/constrs_1/new/exp2.xdc:119]
Resolution: If [get_<value>] was used to populate the object, check to make sure this comm     and returns at least one valid object.
WARNING: [Vivado 12-584] No ports matched 'MXP_DIO6'. [C:/Users/bme31/Desktop/shudianshiyan4/project_2/project_2.srcs/constrs_1/new/exp2.xdc:120]
CRITICAL WARNING: [Common 17-55] 'set_property' expects at least one object. [C:/Users/bme31/Desktop/shudianshiyan4/project_2/project_2.srcs/constrs_1/new/exp2.xdc:120]
Resolution: If [get_<value>] was used to populate the object, check to make sure this comm     and returns at least one valid object.
WARNING: [Vivado 12-584] No ports matched 'MXP_DIO7'. [C:/Users/bme31/Desktop/shudianshiyan4/project_2/project_2.srcs/constrs_1/new/exp2.xdc:121]
CRITICAL WARNING: [Common 17-55] 'set_property' expects at least one object. [C:/Users/bme31/Desktop/shudianshiyan4/project_2/project_2.srcs/constrs_1/new/exp2.xdc:121]
Resolution: If [get_<value>] was used to populate the object, check to make sure this comm     and returns at least one valid object.
WARNING: [Vivado 12-584] No ports matched 'MXP_DIO8'. [C:/Users/bme31/Desktop/shudianshiyan4/project_2/project_2.srcs/constrs_1/new/exp2.xdc:122]
CRITICAL WARNING: [Common 17-55] 'set_property' expects at least one object. [C:/Users/bme31/Desktop/shudianshiyan4/project_2/project_2.srcs/constrs_1/new/exp2.xdc:122]
Resolution: If [get_<value>] was used to populate the object, check to make sure this comm     and returns at least one valid object.
WARNING: [Vivado 12-584] No ports matched 'MXP_DIO9'. [C:/Users/bme31/Desktop/shudianshiyan4/project_2/project_2.srcs/constrs_1/new/exp2.xdc:123]
CRITICAL WARNING: [Common 17-55] 'set_property' expects at least one object. [C:/Users/bme31/Desktop/shudianshiyan4/project_2/project_2.srcs/constrs_1/new/exp2.xdc:123]
Resolution: If [get_<value>] was used to populate the object, check to make sure this comm     and returns at least one valid object.
WARNING: [Vivado 12-584] No ports matched 'MXP_DIO10'. [C:/Users/bme31/Desktop/shudianshiyan4/project_2/project_2.srcs/constrs_1/new/exp2.xdc:124]
CRITICAL WARNING: [Common 17-55] 'set_property' expects at least one object. [C:/Users/bme31/Desktop/shudianshiyan4/project_2/project_2.srcs/constrs_1/new/exp2.xdc:124]
Resolution: If [get_<value>] was used to populate the object, check to make sure this comm     and returns at least one valid object.
WARNING: [Vivado 12-584] No ports matched 'MXP_DIO11'. [C:/Users/bme31/Desktop/shudianshiyan4/project_2/project_2.srcs/constrs_1/new/exp2.xdc:125]
CRITICAL WARNING: [Common 17-55] 'set_property' expects at least one object. [C:/Users/bme31/Desktop/shudianshiyan4/project_2/project_2.srcs/constrs_1/new/exp2.xdc:125]
Resolution: If [get_<value>] was used to populate the object, check to make sure this comm     and returns at least one valid object.
WARNING: [Vivado 12-584] No ports matched 'MXP_DIO12'. [C:/Users/bme31/Desktop/shudianshiyan4/project_2/project_2.srcs/constrs_1/new/exp2.xdc:126]
CRITICAL WARNING: [Common 17-55] 'set_property' expects at least one object. [C:/Users/bme31/Desktop/shudianshiyan4/project_2/project_2.srcs/constrs_1/new/exp2.xdc:126]
Resolution: If [get_<value>] was used to populate the object, check to make sure this comm     and returns at least one valid object.
WARNING: [Vivado 12-584] No ports matched 'MXP_DIO13'. [C:/Users/bme31/Desktop/shudianshiyan4/project_2/project_2.srcs/constrs_1/new/exp2.xdc:127]
CRITICAL WARNING: [Common 17-55] 'set_property' expects at least one object. [C:/Users/bme31/Desktop/shudianshiyan4/project_2/project_2.srcs/constrs_1/new/exp2.xdc:127]
Resolution: If [get_<value>] was used to populate the object, check to make sure this comm     and returns at least one valid object.
WARNING: [Vivado 12-584] No ports matched 'MXP_DIO14'. [C:/Users/bme31/Desktop/shudianshiyan4/project_2/project_2.srcs/constrs_1/new/exp2.xdc:128]
CRITICAL WARNING: [Common 17-55] 'set_property' expects at least one object. [C:/Users/bme31/Desktop/shudianshiyan4/project_2/project_2.srcs/constrs_1/new/exp2.xdc:128]
Resolution: If [get_<value>] was used to populate the object, check to make sure this comm     and returns at least one valid object.
WARNING: [Vivado 12-584] No ports matched 'MXP_DIO15'. [C:/Users/bme31/Desktop/shudianshiyan4/project_2/project_2.srcs/constrs_1/new/exp2.xdc:129]
CRITICAL WARNING: [Common 17-55] 'set_property' expects at least one object. [C:/Users/bme31/Desktop/shudianshiyan4/project_2/project_2.srcs/constrs_1/new/exp2.xdc:129]
Resolution: If [get_<value>] was used to populate the object, check to make sure this comm     and returns at least one valid object.
WARNING: [Vivado 12-584] No ports matched 'S_UART_RX'. [C:/Users/bme31/Desktop/shudianshiyan4/project_2/project_2.srcs/constrs_1/new/exp2.xdc:130]
CRITICAL WARNING: [Common 17-55] 'set_property' expects at least one object. [C:/Users/bme31/Desktop/shudianshiyan4/project_2/project_2.srcs/constrs_1/new/exp2.xdc:130]
Resolution: If [get_<value>] was used to populate the object, check to make sure this comm     and returns at least one valid object.
WARNING: [Vivado 12-584] No ports matched 'S_UART_TX'. [C:/Users/bme31/Desktop/shudianshiyan4/project_2/project_2.srcs/constrs_1/new/exp2.xdc:131]
INFO: [Common 17-14] Message 'Vivado 12-584' appears 100 times and further instances of the messages will be disabled. Use the Tcl command set_msg_config to change the current settings. [C:/Users/bme31/Desktop/shudianshiyan4/project_2/project_2.srcs/constrs_1/new/exp2.xdc:131]
CRITICAL WARNING: [Common 17-55] 'set_property' expects at least one object. [C:/Users/bme31/Desktop/shudianshiyan4/project_2/project_2.srcs/constrs_1/new/exp2.xdc:131]
Resolution: If [get_<value>] was used to populate the object, check to make sure this comm     and returns at least one valid object.
Finished Parsing XDC File [C:/Users/bme31/Desktop/shudianshiyan4/project_2/project_2.srcs/constrs_1/new/exp2.xdc]
Completed Processing XDC Constraints

INFO: [Project 1-111] Unisim Transformation Summary:
No Unisim elements were transformed.

Constraint Validation Runtime : Time (s): cpu = 00:00:00 ; elapsed = 00:00:00 . Memory (MB): peak = 586.836 ; gain = 0.000
---------------------------------------------------------------------------------
Finished Constraint Validation : Time (s): cpu = 00:00:03 ; elapsed = 00:00:06 . Memory (MB): peak = 586.836 ; gain = 432.270
---------------------------------------------------------------------------------
---------------------------------------------------------------------------------
Start Loading Part and Timing Information
---------------------------------------------------------------------------------
Loading part: xc7z020clg484-1
---------------------------------------------------------------------------------
Finished Loading Part and Timing Information : Time (s): cpu = 00:00:03 ; elapsed = 00:00:06 . Memory (MB): peak = 586.836 ; gain = 432.270
---------------------------------------------------------------------------------
---------------------------------------------------------------------------------
Start Applying 'set_property' XDC Constraints
---------------------------------------------------------------------------------
---------------------------------------------------------------------------------
Finished applying 'set_property' XDC Constraints : Time (s): cpu = 00:00:03 ; elapsed = 00:00:06 . Memory (MB): peak = 586.836 ; gain = 432.270
---------------------------------------------------------------------------------
---------------------------------------------------------------------------------
Finished RTL Optimization Phase 2 : Time (s): cpu = 00:00:03 ; elapsed = 00:00:06 . Memory (MB): peak = 586.836 ; gain = 432.270
---------------------------------------------------------------------------------

Report RTL Partitions: 
+-+--------------+------------+----------+
| |RTL Partition |Replication |Instances |
+-+--------------+------------+----------+
+-+--------------+------------+----------+
---------------------------------------------------------------------------------
Start RTL Component Statistics 
---------------------------------------------------------------------------------
Detailed RTL Component Info : 
+---Muxes : 
	  16 Input      7 Bit        Muxes := 1     
---------------------------------------------------------------------------------
Finished RTL Component Statistics 
---------------------------------------------------------------------------------
---------------------------------------------------------------------------------
Start RTL Hierarchical Component Statistics 
---------------------------------------------------------------------------------
Hierarchical RTL Component report 
Module clk_sw_7seg_top 
Detailed RTL Component Info : 
Module clk_sw_7seg_sub 
Detailed RTL Component Info : 
+---Muxes : 
	  16 Input      7 Bit        Muxes := 1     
---------------------------------------------------------------------------------
Finished RTL Hierarchical Component Statistics
---------------------------------------------------------------------------------
---------------------------------------------------------------------------------
Start Part Resource Summary
---------------------------------------------------------------------------------
Part Resources:
DSPs: 220 (col length:60)
BRAMs: 280 (col length: RAMB18 60 RAMB36 30)
---------------------------------------------------------------------------------
Finished Part Resource Summary
---------------------------------------------------------------------------------
Start Parallel Synthesis Optimization  : Time (s): cpu = 00:00:03 ; elapsed = 00:00:06 . Memory (MB): peak = 586.836 ; gain = 432.270
---------------------------------------------------------------------------------
Start Cross Boundary Optimization
---------------------------------------------------------------------------------
---------------------------------------------------------------------------------
Finished Cross Boundary Optimization : Time (s): cpu = 00:00:03 ; elapsed = 00:00:06 . Memory (MB): peak = 586.836 ; gain = 432.270
---------------------------------------------------------------------------------
Finished Parallel Reinference  : Time (s): cpu = 00:00:03 ; elapsed = 00:00:06 . Memory (MB): peak = 586.836 ; gain = 432.270

Report RTL Partitions: 
+-+--------------+------------+----------+
| |RTL Partition |Replication |Instances |
+-+--------------+------------+----------+
+-+--------------+------------+----------+
---------------------------------------------------------------------------------
Start RAM, DSP and Shift Register Reporting
---------------------------------------------------------------------------------
---------------------------------------------------------------------------------
Finished RAM, DSP and Shift Register Reporting
---------------------------------------------------------------------------------
---------------------------------------------------------------------------------
Start Area Optimization
---------------------------------------------------------------------------------
---------------------------------------------------------------------------------
Finished Area Optimization : Time (s): cpu = 00:00:03 ; elapsed = 00:00:06 . Memory (MB): peak = 586.836 ; gain = 432.270
---------------------------------------------------------------------------------
---------------------------------------------------------------------------------
Finished Area Optimization : Time (s): cpu = 00:00:03 ; elapsed = 00:00:06 . Memory (MB): peak = 586.836 ; gain = 432.270
---------------------------------------------------------------------------------
Finished Parallel Area Optimization  : Time (s): cpu = 00:00:03 ; elapsed = 00:00:06 . Memory (MB): peak = 586.836 ; gain = 432.270

Report RTL Partitions: 
+-+--------------+------------+----------+
| |RTL Partition |Replication |Instances |
+-+--------------+------------+----------+
+-+--------------+------------+----------+
Finished Parallel Synthesis Optimization  : Time (s): cpu = 00:00:03 ; elapsed = 00:00:06 . Memory (MB): peak = 586.836 ; gain = 432.270
---------------------------------------------------------------------------------
Start Timing Optimization
---------------------------------------------------------------------------------
---------------------------------------------------------------------------------
Start Applying XDC Timing Constraints
---------------------------------------------------------------------------------
---------------------------------------------------------------------------------
Finished Applying XDC Timing Constraints : Time (s): cpu = 00:00:05 ; elapsed = 00:00:12 . Memory (MB): peak = 586.836 ; gain = 432.270
---------------------------------------------------------------------------------
---------------------------------------------------------------------------------
Finished Timing Optimization : Time (s): cpu = 00:00:05 ; elapsed = 00:00:12 . Memory (MB): peak = 586.836 ; gain = 432.270
---------------------------------------------------------------------------------

Report RTL Partitions: 
+-+--------------+------------+----------+
| |RTL Partition |Replication |Instances |
+-+--------------+------------+----------+
+-+--------------+------------+----------+
---------------------------------------------------------------------------------
Start Technology Mapping
---------------------------------------------------------------------------------
---------------------------------------------------------------------------------
Finished Technology Mapping : Time (s): cpu = 00:00:05 ; elapsed = 00:00:12 . Memory (MB): peak = 586.836 ; gain = 432.270
---------------------------------------------------------------------------------

Report RTL Partitions: 
+-+--------------+------------+----------+
| |RTL Partition |Replication |Instances |
+-+--------------+------------+----------+
+-+--------------+------------+----------+
---------------------------------------------------------------------------------
Start IO Insertion
---------------------------------------------------------------------------------
---------------------------------------------------------------------------------
Start Flattening Before IO Insertion
---------------------------------------------------------------------------------
---------------------------------------------------------------------------------
Finished Flattening Before IO Insertion
---------------------------------------------------------------------------------
---------------------------------------------------------------------------------
Start Final Netlist Cleanup
---------------------------------------------------------------------------------
---------------------------------------------------------------------------------
Finished Final Netlist Cleanup
---------------------------------------------------------------------------------
---------------------------------------------------------------------------------
Finished IO Insertion : Time (s): cpu = 00:00:05 ; elapsed = 00:00:12 . Memory (MB): peak = 586.836 ; gain = 432.270
---------------------------------------------------------------------------------

Report Check Netlist: 
+------+------------------+-------+---------+-------+------------------+
|      |Item              |Errors |Warnings |Status |Description       |
+------+------------------+-------+---------+-------+------------------+
|1     |multi_driven_nets |      0|        0|Passed |Multi driven nets |
+------+------------------+-------+---------+-------+------------------+
---------------------------------------------------------------------------------
Start Renaming Generated Instances
---------------------------------------------------------------------------------
---------------------------------------------------------------------------------
Finished Renaming Generated Instances : Time (s): cpu = 00:00:05 ; elapsed = 00:00:12 . Memory (MB): peak = 586.836 ; gain = 432.270
---------------------------------------------------------------------------------

Report RTL Partitions: 
+-+--------------+------------+----------+
| |RTL Partition |Replication |Instances |
+-+--------------+------------+----------+
+-+--------------+------------+----------+
---------------------------------------------------------------------------------
Start Rebuilding User Hierarchy
---------------------------------------------------------------------------------
---------------------------------------------------------------------------------
Finished Rebuilding User Hierarchy : Time (s): cpu = 00:00:05 ; elapsed = 00:00:12 . Memory (MB): peak = 586.836 ; gain = 432.270
---------------------------------------------------------------------------------
---------------------------------------------------------------------------------
Start RAM, DSP and Shift Register Reporting
---------------------------------------------------------------------------------
---------------------------------------------------------------------------------
Finished RAM, DSP and Shift Register Reporting
---------------------------------------------------------------------------------
---------------------------------------------------------------------------------
Start Writing Synthesis Report
---------------------------------------------------------------------------------

Report BlackBoxes: 
+-+--------------+----------+
| |BlackBox name |Instances |
+-+--------------+----------+
+-+--------------+----------+

Report Cell Usage: 
+------+-------+------+
|      |Cell   |Count |
+------+-------+------+
|1     |BUFG   |     1|
|2     |CARRY4 |     8|
|3     |LUT1   |    33|
|4     |LUT4   |     7|
|5     |FDCE   |    29|
|6     |IBUF   |     6|
|7     |OBUF   |    11|
+------+-------+------+

Report Instance Areas: 
+------+---------+----------------+------+
|      |Instance |Module          |Cells |
+------+---------+----------------+------+
|1     |top      |                |    95|
|2     |  A1     |clk_sw_7seg_sub |    11|
+------+---------+----------------+------+
---------------------------------------------------------------------------------
Finished Writing Synthesis Report : Time (s): cpu = 00:00:05 ; elapsed = 00:00:12 . Memory (MB): peak = 586.836 ; gain = 432.270
---------------------------------------------------------------------------------
Synthesis finished with 0 errors, 0 critical warnings and 0 warnings.
Synthesis Optimization Runtime : Time (s): cpu = 00:00:00 ; elapsed = 00:00:09 . Memory (MB): peak = 586.836 ; gain = 87.855
Synthesis Optimization Complete : Time (s): cpu = 00:00:05 ; elapsed = 00:00:12 . Memory (MB): peak = 586.836 ; gain = 432.270
INFO: [Project 1-571] Translating synthesized netlist
INFO: [Netlist 29-17] Analyzing 14 Unisim elements for replacement
INFO: [Netlist 29-28] Unisim Transformation completed in 0 CPU seconds
INFO: [Project 1-570] Preparing netlist for logic optimization
INFO: [Opt 31-140] Inserted 0 IBUFs to IO ports without IO buffers.
INFO: [Opt 31-141] Inserted 0 OBUFs to IO ports without IO buffers.
INFO: [Opt 31-138] Pushed 0 inverter(s) to 0 load pin(s).
INFO: [Project 1-111] Unisim Transformation Summary:
No Unisim elements were transformed.

INFO: [Common 17-83] Releasing license: Synthesis
18 Infos, 100 Warnings, 100 Critical Warnings and 0 Errors encountered.
synth_design completed successfully
synth_design: Time (s): cpu = 00:00:06 ; elapsed = 00:00:12 . Memory (MB): peak = 586.836 ; gain = 408.000
# write_checkpoint -noxdef clk_sw_7seg_top.dcp
# catch { report_utilization -file clk_sw_7seg_top_utilization_synth.rpt -pb clk_sw_7seg_top_utilization_synth.pb }
report_utilization: Time (s): cpu = 00:00:00 ; elapsed = 00:00:00.010 . Memory (MB): peak = 586.836 ; gain = 0.000
INFO: [Common 17-206] Exiting Vivado at Fri Dec 01 18:18:55 2023...
